{"numFailedTestSuites":3,"numFailedTests":9,"numPassedTestSuites":0,"numPassedTests":30,"numPendingTestSuites":0,"numPendingTests":0,"numRuntimeErrorTestSuites":0,"numTodoTests":0,"numTotalTestSuites":3,"numTotalTests":39,"openHandles":[],"snapshot":{"added":0,"didUpdate":false,"failure":false,"filesAdded":0,"filesRemoved":0,"filesRemovedList":[],"filesUnmatched":0,"filesUpdated":0,"matched":0,"total":0,"unchecked":0,"uncheckedKeysByFile":[],"unmatched":0,"updated":0},"startTime":1752050733825,"success":false,"testResults":[{"assertionResults":[{"ancestorTitles":["MoveHistory Component"],"failureMessages":[],"fullName":"MoveHistory Component should render with no moves initially","location":null,"status":"passed","title":"should render with no moves initially"},{"ancestorTitles":["MoveHistory Component"],"failureMessages":[],"fullName":"MoveHistory Component should display moves in correct format","location":null,"status":"passed","title":"should display moves in correct format"},{"ancestorTitles":["MoveHistory Component"],"failureMessages":[],"fullName":"MoveHistory Component should highlight current move","location":null,"status":"passed","title":"should highlight current move"},{"ancestorTitles":["MoveHistory Component"],"failureMessages":[],"fullName":"MoveHistory Component should handle incomplete move pairs","location":null,"status":"passed","title":"should handle incomplete move pairs"},{"ancestorTitles":["MoveHistory Component"],"failureMessages":[],"fullName":"MoveHistory Component should show moves ahead in history message","location":null,"status":"passed","title":"should show moves ahead in history message"},{"ancestorTitles":["MoveHistory Component"],"failureMessages":[],"fullName":"MoveHistory Component should handle empty history array","location":null,"status":"passed","title":"should handle empty history array"},{"ancestorTitles":["MoveHistory Component"],"failureMessages":[],"fullName":"MoveHistory Component should display table headers correctly","location":null,"status":"passed","title":"should display table headers correctly"},{"ancestorTitles":["MoveHistory Component"],"failureMessages":[],"fullName":"MoveHistory Component should handle very long move lists with scrolling","location":null,"status":"passed","title":"should handle very long move lists with scrolling"},{"ancestorTitles":["MoveHistory Component"],"failureMessages":[],"fullName":"MoveHistory Component should not show future moves message when at latest move","location":null,"status":"passed","title":"should not show future moves message when at latest move"},{"ancestorTitles":["MoveHistory Component"],"failureMessages":["TestingLibraryElementError: Unable to find an element with the text: e5. This could be because the text is broken up by multiple elements. In this case, you can provide a function for your text matcher to make your matcher more flexible.\n\nIgnored nodes: comments, script, style\n\u001b[36m<body>\u001b[39m\n  \u001b[36m<div>\u001b[39m\n    \u001b[36m<div\u001b[39m\n      \u001b[33mclass\u001b[39m=\u001b[32m\"bg-white rounded-lg shadow-md p-4\"\u001b[39m\n    \u001b[36m>\u001b[39m\n      \u001b[36m<h3\u001b[39m\n        \u001b[33mclass\u001b[39m=\u001b[32m\"font-bold text-lg mb-3\"\u001b[39m\n      \u001b[36m>\u001b[39m\n        \u001b[0mMove History\u001b[0m\n      \u001b[36m</h3>\u001b[39m\n      \u001b[36m<div\u001b[39m\n        \u001b[33mclass\u001b[39m=\u001b[32m\"max-h-96 overflow-y-auto\"\u001b[39m\n      \u001b[36m>\u001b[39m\n        \u001b[36m<table\u001b[39m\n          \u001b[33mclass\u001b[39m=\u001b[32m\"w-full text-sm\"\u001b[39m\n        \u001b[36m>\u001b[39m\n          \u001b[36m<thead>\u001b[39m\n            \u001b[36m<tr\u001b[39m\n              \u001b[33mclass\u001b[39m=\u001b[32m\"border-b\"\u001b[39m\n            \u001b[36m>\u001b[39m\n              \u001b[36m<th\u001b[39m\n                \u001b[33mclass\u001b[39m=\u001b[32m\"text-left py-1 px-2 w-12\"\u001b[39m\n              \u001b[36m>\u001b[39m\n                \u001b[0m#\u001b[0m\n              \u001b[36m</th>\u001b[39m\n              \u001b[36m<th\u001b[39m\n                \u001b[33mclass\u001b[39m=\u001b[32m\"text-left py-1 px-2\"\u001b[39m\n              \u001b[36m>\u001b[39m\n                \u001b[0mWhite\u001b[0m\n              \u001b[36m</th>\u001b[39m\n              \u001b[36m<th\u001b[39m\n                \u001b[33mclass\u001b[39m=\u001b[32m\"text-left py-1 px-2\"\u001b[39m\n              \u001b[36m>\u001b[39m\n                \u001b[0mBlack\u001b[0m\n              \u001b[36m</th>\u001b[39m\n            \u001b[36m</tr>\u001b[39m\n          \u001b[36m</thead>\u001b[39m\n          \u001b[36m<tbody>\u001b[39m\n            \u001b[36m<tr\u001b[39m\n              \u001b[33mclass\u001b[39m=\u001b[32m\"border-b hover:bg-gray-50\"\u001b[39m\n            \u001b[36m>\u001b[39m\n              \u001b[36m<td\u001b[39m\n                \u001b[33mclass\u001b[39m=\u001b[32m\"py-1 px-2 font-semibold\"\u001b[39m\n              \u001b[36m>\u001b[39m\n                \u001b[0m1\u001b[0m\n                \u001b[0m.\u001b[0m\n              \u001b[36m</td>\u001b[39m\n              \u001b[36m<td\u001b[39m\n                \u001b[33mclass\u001b[39m=\u001b[32m\"py-1 px-2\"\u001b[39m\n              \u001b[36m>\u001b[39m\n                \u001b[36m<span\u001b[39m\n                  \u001b[33mclass\u001b[39m=\u001b[32m\"font-bold text-blue-600\"\u001b[39m\n                \u001b[36m>\u001b[39m\n                  \u001b[0me4\u001b[0m\n                \u001b[36m</span>\u001b[39m\n              \u001b[36m</td>\u001b[39m\n              \u001b[36m<td\u001b[39m\n                \u001b[33mclass\u001b[39m=\u001b[32m\"py-1 px-2\"\u001b[39m\n              \u001b[36m/>\u001b[39m\n            \u001b[36m</tr>\u001b[39m\n          \u001b[36m</tbody>\u001b[39m\n        \u001b[36m</table>\u001b[39m\n      \u001b[36m</div>\u001b[39m\n      \u001b[36m<p\u001b[39m\n        \u001b[33mclass\u001b[39m=\u001b[32m\"text-xs text-gray-500 mt-2\"\u001b[39m\n      \u001b[36m>\u001b[39m\n        \u001b[0m3\u001b[0m\n        \u001b[0m move(s) ahead in history\u001b[0m\n      \u001b[36m</p>\u001b[39m\n    \u001b[36m</div>\u001b[39m\n  \u001b[36m</div>\u001b[39m\n\u001b[36m</body>\u001b[39m\n    at Object.getElementError (/home/caspar/Documents/Coding/Chess/node_modules/@testing-library/react/node_modules/@testing-library/dom/dist/config.js:37:19)\n    at /home/caspar/Documents/Coding/Chess/node_modules/@testing-library/react/node_modules/@testing-library/dom/dist/query-helpers.js:76:38\n    at /home/caspar/Documents/Coding/Chess/node_modules/@testing-library/react/node_modules/@testing-library/dom/dist/query-helpers.js:52:17\n    at getByText (/home/caspar/Documents/Coding/Chess/node_modules/@testing-library/react/node_modules/@testing-library/dom/dist/query-helpers.js:95:19)\n    at Object.<anonymous> (/home/caspar/Documents/Coding/Chess/src/components/MoveHistory/MoveHistory.test.tsx:211:19)\n    at Promise.then.completed (/home/caspar/Documents/Coding/Chess/node_modules/jest-circus/build/utils.js:391:28)\n    at new Promise (<anonymous>)\n    at callAsyncCircusFn (/home/caspar/Documents/Coding/Chess/node_modules/jest-circus/build/utils.js:316:10)\n    at _callCircusTest (/home/caspar/Documents/Coding/Chess/node_modules/jest-circus/build/run.js:218:40)\n    at processTicksAndRejections (node:internal/process/task_queues:105:5)\n    at _runTest (/home/caspar/Documents/Coding/Chess/node_modules/jest-circus/build/run.js:155:3)\n    at _runTestsForDescribeBlock (/home/caspar/Documents/Coding/Chess/node_modules/jest-circus/build/run.js:66:9)\n    at _runTestsForDescribeBlock (/home/caspar/Documents/Coding/Chess/node_modules/jest-circus/build/run.js:60:9)\n    at run (/home/caspar/Documents/Coding/Chess/node_modules/jest-circus/build/run.js:25:3)\n    at runAndTransformResultsToJestFormat (/home/caspar/Documents/Coding/Chess/node_modules/jest-circus/build/legacy-code-todo-rewrite/jestAdapterInit.js:170:21)\n    at jestAdapter (/home/caspar/Documents/Coding/Chess/node_modules/jest-circus/build/legacy-code-todo-rewrite/jestAdapter.js:82:19)\n    at runTestInternal (/home/caspar/Documents/Coding/Chess/node_modules/jest-runner/build/runTest.js:389:16)\n    at runTest (/home/caspar/Documents/Coding/Chess/node_modules/jest-runner/build/runTest.js:475:34)\n    at Object.worker (/home/caspar/Documents/Coding/Chess/node_modules/jest-runner/build/testWorker.js:133:12)"],"fullName":"MoveHistory Component should handle navigation through move history","location":null,"status":"failed","title":"should handle navigation through move history"}],"endTime":1752050735345,"message":"  ● MoveHistory Component › should handle navigation through move history\n\n    TestingLibraryElementError: Unable to find an element with the text: e5. This could be because the text is broken up by multiple elements. In this case, you can provide a function for your text matcher to make your matcher more flexible.\n\n    Ignored nodes: comments, script, style\n    \u001b[36m<body>\u001b[39m\n      \u001b[36m<div>\u001b[39m\n        \u001b[36m<div\u001b[39m\n          \u001b[33mclass\u001b[39m=\u001b[32m\"bg-white rounded-lg shadow-md p-4\"\u001b[39m\n        \u001b[36m>\u001b[39m\n          \u001b[36m<h3\u001b[39m\n            \u001b[33mclass\u001b[39m=\u001b[32m\"font-bold text-lg mb-3\"\u001b[39m\n          \u001b[36m>\u001b[39m\n            \u001b[0mMove History\u001b[0m\n          \u001b[36m</h3>\u001b[39m\n          \u001b[36m<div\u001b[39m\n            \u001b[33mclass\u001b[39m=\u001b[32m\"max-h-96 overflow-y-auto\"\u001b[39m\n          \u001b[36m>\u001b[39m\n            \u001b[36m<table\u001b[39m\n              \u001b[33mclass\u001b[39m=\u001b[32m\"w-full text-sm\"\u001b[39m\n            \u001b[36m>\u001b[39m\n              \u001b[36m<thead>\u001b[39m\n                \u001b[36m<tr\u001b[39m\n                  \u001b[33mclass\u001b[39m=\u001b[32m\"border-b\"\u001b[39m\n                \u001b[36m>\u001b[39m\n                  \u001b[36m<th\u001b[39m\n                    \u001b[33mclass\u001b[39m=\u001b[32m\"text-left py-1 px-2 w-12\"\u001b[39m\n                  \u001b[36m>\u001b[39m\n                    \u001b[0m#\u001b[0m\n                  \u001b[36m</th>\u001b[39m\n                  \u001b[36m<th\u001b[39m\n                    \u001b[33mclass\u001b[39m=\u001b[32m\"text-left py-1 px-2\"\u001b[39m\n                  \u001b[36m>\u001b[39m\n                    \u001b[0mWhite\u001b[0m\n                  \u001b[36m</th>\u001b[39m\n                  \u001b[36m<th\u001b[39m\n                    \u001b[33mclass\u001b[39m=\u001b[32m\"text-left py-1 px-2\"\u001b[39m\n                  \u001b[36m>\u001b[39m\n                    \u001b[0mBlack\u001b[0m\n                  \u001b[36m</th>\u001b[39m\n                \u001b[36m</tr>\u001b[39m\n              \u001b[36m</thead>\u001b[39m\n              \u001b[36m<tbody>\u001b[39m\n                \u001b[36m<tr\u001b[39m\n                  \u001b[33mclass\u001b[39m=\u001b[32m\"border-b hover:bg-gray-50\"\u001b[39m\n                \u001b[36m>\u001b[39m\n                  \u001b[36m<td\u001b[39m\n                    \u001b[33mclass\u001b[39m=\u001b[32m\"py-1 px-2 font-semibold\"\u001b[39m\n                  \u001b[36m>\u001b[39m\n                    \u001b[0m1\u001b[0m\n                    \u001b[0m.\u001b[0m\n                  \u001b[36m</td>\u001b[39m\n                  \u001b[36m<td\u001b[39m\n                    \u001b[33mclass\u001b[39m=\u001b[32m\"py-1 px-2\"\u001b[39m\n                  \u001b[36m>\u001b[39m\n                    \u001b[36m<span\u001b[39m\n                      \u001b[33mclass\u001b[39m=\u001b[32m\"font-bold text-blue-600\"\u001b[39m\n                    \u001b[36m>\u001b[39m\n                      \u001b[0me4\u001b[0m\n                    \u001b[36m</span>\u001b[39m\n                  \u001b[36m</td>\u001b[39m\n                  \u001b[36m<td\u001b[39m\n                    \u001b[33mclass\u001b[39m=\u001b[32m\"py-1 px-2\"\u001b[39m\n                  \u001b[36m/>\u001b[39m\n                \u001b[36m</tr>\u001b[39m\n              \u001b[36m</tbody>\u001b[39m\n            \u001b[36m</table>\u001b[39m\n          \u001b[36m</div>\u001b[39m\n          \u001b[36m<p\u001b[39m\n            \u001b[33mclass\u001b[39m=\u001b[32m\"text-xs text-gray-500 mt-2\"\u001b[39m\n          \u001b[36m>\u001b[39m\n            \u001b[0m3\u001b[0m\n            \u001b[0m move(s) ahead in history\u001b[0m\n          \u001b[36m</p>\u001b[39m\n        \u001b[36m</div>\u001b[39m\n      \u001b[36m</div>\u001b[39m\n    \u001b[36m</body>\u001b[39m\n\n      209 |     // Only first move should be highlighted\n      210 |     expect(screen.getByText('e4')).toHaveClass('font-bold');\n    > 211 |     expect(screen.getByText('e5')).not.toHaveClass('font-bold');\n          |                   ^\n      212 |     \n      213 |     // Move to position after black's first move\n      214 |     mockGameContext.gameState = { ...mockGameState, history, currentMoveIndex: 1 };\n\n      at Object.getElementError (node_modules/@testing-library/react/node_modules/@testing-library/dom/dist/config.js:37:19)\n      at node_modules/@testing-library/react/node_modules/@testing-library/dom/dist/query-helpers.js:76:38\n      at node_modules/@testing-library/react/node_modules/@testing-library/dom/dist/query-helpers.js:52:17\n      at getByText (node_modules/@testing-library/react/node_modules/@testing-library/dom/dist/query-helpers.js:95:19)\n      at Object.<anonymous> (src/components/MoveHistory/MoveHistory.test.tsx:211:19)\n","name":"/home/caspar/Documents/Coding/Chess/src/components/MoveHistory/MoveHistory.test.tsx","startTime":1752050734447,"status":"failed","summary":""},{"assertionResults":[{"ancestorTitles":["GameModeSelector Component"],"failureMessages":[],"fullName":"GameModeSelector Component should render with all game mode options","location":null,"status":"passed","title":"should render with all game mode options"},{"ancestorTitles":["GameModeSelector Component"],"failureMessages":[],"fullName":"GameModeSelector Component should show current mode correctly","location":null,"status":"passed","title":"should show current mode correctly"},{"ancestorTitles":["GameModeSelector Component"],"failureMessages":["TestingLibraryElementError: Unable to find a label with the text of: Human vs Computer\n\nIgnored nodes: comments, script, style\n\u001b[36m<body>\u001b[39m\n  \u001b[36m<div>\u001b[39m\n    \u001b[36m<div\u001b[39m\n      \u001b[33mclass\u001b[39m=\u001b[32m\"bg-white rounded-lg shadow-md p-4\"\u001b[39m\n    \u001b[36m>\u001b[39m\n      \u001b[36m<h3\u001b[39m\n        \u001b[33mclass\u001b[39m=\u001b[32m\"font-bold text-lg mb-3\"\u001b[39m\n      \u001b[36m>\u001b[39m\n        \u001b[0mGame Mode\u001b[0m\n      \u001b[36m</h3>\u001b[39m\n      \u001b[36m<div\u001b[39m\n        \u001b[33mclass\u001b[39m=\u001b[32m\"space-y-3\"\u001b[39m\n      \u001b[36m>\u001b[39m\n        \u001b[36m<label\u001b[39m\n          \u001b[33mclass\u001b[39m=\u001b[32m\"flex items-center cursor-pointer\"\u001b[39m\n        \u001b[36m>\u001b[39m\n          \u001b[36m<input\u001b[39m\n            \u001b[33mchecked\u001b[39m=\u001b[32m\"\"\u001b[39m\n            \u001b[33mclass\u001b[39m=\u001b[32m\"mr-3\"\u001b[39m\n            \u001b[33mname\u001b[39m=\u001b[32m\"gameMode\"\u001b[39m\n            \u001b[33mtype\u001b[39m=\u001b[32m\"radio\"\u001b[39m\n            \u001b[33mvalue\u001b[39m=\u001b[32m\"human-vs-human\"\u001b[39m\n          \u001b[36m/>\u001b[39m\n          \u001b[36m<div>\u001b[39m\n            \u001b[36m<div\u001b[39m\n              \u001b[33mclass\u001b[39m=\u001b[32m\"font-semibold\"\u001b[39m\n            \u001b[36m>\u001b[39m\n              \u001b[0mHuman vs Human\u001b[0m\n            \u001b[36m</div>\u001b[39m\n            \u001b[36m<div\u001b[39m\n              \u001b[33mclass\u001b[39m=\u001b[32m\"text-sm text-gray-600\"\u001b[39m\n            \u001b[36m>\u001b[39m\n              \u001b[0mPlay against another person\u001b[0m\n            \u001b[36m</div>\u001b[39m\n          \u001b[36m</div>\u001b[39m\n        \u001b[36m</label>\u001b[39m\n        \u001b[36m<label\u001b[39m\n          \u001b[33mclass\u001b[39m=\u001b[32m\"flex items-center cursor-pointer\"\u001b[39m\n        \u001b[36m>\u001b[39m\n          \u001b[36m<input\u001b[39m\n            \u001b[33mclass\u001b[39m=\u001b[32m\"mr-3\"\u001b[39m\n            \u001b[33mname\u001b[39m=\u001b[32m\"gameMode\"\u001b[39m\n            \u001b[33mtype\u001b[39m=\u001b[32m\"radio\"\u001b[39m\n            \u001b[33mvalue\u001b[39m=\u001b[32m\"human-vs-ai\"\u001b[39m\n          \u001b[36m/>\u001b[39m\n          \u001b[36m<div>\u001b[39m\n            \u001b[36m<div\u001b[39m\n              \u001b[33mclass\u001b[39m=\u001b[32m\"font-semibold\"\u001b[39m\n            \u001b[36m>\u001b[39m\n              \u001b[0mHuman vs Computer\u001b[0m\n            \u001b[36m</div>\u001b[39m\n            \u001b[36m<div\u001b[39m\n              \u001b[33mclass\u001b[39m=\u001b[32m\"text-sm text-gray-600\"\u001b[39m\n            \u001b[36m>\u001b[39m\n              \u001b[0mPlay against AI opponent\u001b[0m\n            \u001b[36m</div>\u001b[39m\n          \u001b[36m</div>\u001b[39m\n        \u001b[36m</label>\u001b[39m\n        \u001b[36m<div\u001b[39m\n          \u001b[33mclass\u001b[39m=\u001b[32m\"pt-3 mt-3 border-t border-gray-200\"\u001b[39m\n        \u001b[36m>\u001b[39m\n          \u001b[36m<button\u001b[39m\n            \u001b[33mclass\u001b[39m=\u001b[32m\"w-full bg-green-600 text-white py-2 px-4 rounded-lg hover:bg-green-700 transition flex items-center justify-center gap-2\"\u001b[39m\n          \u001b[36m>\u001b[39m\n            \u001b[36m<svg\u001b[39m\n              \u001b[33mclass\u001b[39m=\u001b[32m\"w-5 h-5\"\u001b[39m\n              \u001b[33mfill\u001b[39m=\u001b[32m\"none\"\u001b[39m\n              \u001b[33mstroke\u001b[39m=\u001b[32m\"currentColor\"\u001b[39m\n              \u001b[33mviewBox\u001b[39m=\u001b[32m\"0 0 24 24\"\u001b[39m\n            \u001b[36m>\u001b[39m\n              \u001b[36m<path\u001b[39m\n                \u001b[33md\u001b[39m=\u001b[32m\"M21 12a9 9 0 01-9 9m9-9a9 9 0 00-9-9m9 9H3m9 9a9 9 0 01-9-9m9 9c1.657 0 3-4.03 3-9s-1.343-9-3-9m0 18c-1.657 0-3-4.03-3-9s1.343-9 3-9m-9 9a9 9 0 019-9\"\u001b[39m\n                \u001b[33mstroke-linecap\u001b[39m=\u001b[32m\"round\"\u001b[39m\n                \u001b[33mstroke-linejoin\u001b[39m=\u001b[32m\"round\"\u001b[39m\n                \u001b[33mstroke-width\u001b[39m=\u001b[32m\"2\"\u001b[39m\n              \u001b[36m/>\u001b[39m\n            \u001b[36m</svg>\u001b[39m\n            \u001b[0mPlay Online with Friends\u001b[0m\n          \u001b[36m</button>\u001b[39m\n        \u001b[36m</div>\u001b[39m\n      \u001b[36m</div>\u001b[39m\n      \u001b[36m<div\u001b[39m\n        \u001b[33mclass\u001b[39m=\u001b[32m\"mt-4 pt-3 border-t border-gray-200\"\u001b[39m\n      \u001b[36m>\u001b[39m\n        \u001b[36m<div\u001b[39m\n          \u001b[33mclass\u001b[39m=\u001b[32m\"text-xs text-gray-600\"\u001b[39m\n        \u001b[36m>\u001b[39m\n          \u001b[0mCurrent: \u001b[0m\n          \u001b[36m<span\u001b[39m\n            \u001b[33mclass\u001b[39m=\u001b[32m\"font-semibold\"\u001b[39m\n          \u001b[36m>\u001b[39m\n            \u001b[0mHuman vs Human (Local)\u001b[0m\n          \u001b[36m</span>\u001b[39m\n        \u001b[36m</div>\u001b[39m\n      \u001b[36m</div>\u001b[39m\n    \u001b[36m</div>\u001b[39m\n  \u001b[36m</div>\u001b[39m\n\u001b[36m</body>\u001b[39m\n    at Object.getElementError (/home/caspar/Documents/Coding/Chess/node_modules/@testing-library/react/node_modules/@testing-library/dom/dist/config.js:37:19)\n    at getAllByLabelText (/home/caspar/Documents/Coding/Chess/node_modules/@testing-library/react/node_modules/@testing-library/dom/dist/queries/label-text.js:103:38)\n    at /home/caspar/Documents/Coding/Chess/node_modules/@testing-library/react/node_modules/@testing-library/dom/dist/query-helpers.js:52:17\n    at getByLabelText (/home/caspar/Documents/Coding/Chess/node_modules/@testing-library/react/node_modules/@testing-library/dom/dist/query-helpers.js:95:19)\n    at Object.<anonymous> (/home/caspar/Documents/Coding/Chess/src/components/GameModeSelector/GameModeSelector.test.tsx:127:28)\n    at Promise.then.completed (/home/caspar/Documents/Coding/Chess/node_modules/jest-circus/build/utils.js:391:28)\n    at new Promise (<anonymous>)\n    at callAsyncCircusFn (/home/caspar/Documents/Coding/Chess/node_modules/jest-circus/build/utils.js:316:10)\n    at _callCircusTest (/home/caspar/Documents/Coding/Chess/node_modules/jest-circus/build/run.js:218:40)\n    at processTicksAndRejections (node:internal/process/task_queues:105:5)\n    at _runTest (/home/caspar/Documents/Coding/Chess/node_modules/jest-circus/build/run.js:155:3)\n    at _runTestsForDescribeBlock (/home/caspar/Documents/Coding/Chess/node_modules/jest-circus/build/run.js:66:9)\n    at _runTestsForDescribeBlock (/home/caspar/Documents/Coding/Chess/node_modules/jest-circus/build/run.js:60:9)\n    at run (/home/caspar/Documents/Coding/Chess/node_modules/jest-circus/build/run.js:25:3)\n    at runAndTransformResultsToJestFormat (/home/caspar/Documents/Coding/Chess/node_modules/jest-circus/build/legacy-code-todo-rewrite/jestAdapterInit.js:170:21)\n    at jestAdapter (/home/caspar/Documents/Coding/Chess/node_modules/jest-circus/build/legacy-code-todo-rewrite/jestAdapter.js:82:19)\n    at runTestInternal (/home/caspar/Documents/Coding/Chess/node_modules/jest-runner/build/runTest.js:389:16)\n    at runTest (/home/caspar/Documents/Coding/Chess/node_modules/jest-runner/build/runTest.js:475:34)\n    at Object.worker (/home/caspar/Documents/Coding/Chess/node_modules/jest-runner/build/testWorker.js:133:12)"],"fullName":"GameModeSelector Component should switch to AI mode and show AI settings","location":null,"status":"failed","title":"should switch to AI mode and show AI settings"},{"ancestorTitles":["GameModeSelector Component"],"failureMessages":[],"fullName":"GameModeSelector Component should handle AI color selection","location":null,"status":"passed","title":"should handle AI color selection"},{"ancestorTitles":["GameModeSelector Component"],"failureMessages":["TestingLibraryElementError: Unable to find a label with the text of: Expert\n\nIgnored nodes: comments, script, style\n\u001b[36m<body>\u001b[39m\n  \u001b[36m<div>\u001b[39m\n    \u001b[36m<div\u001b[39m\n      \u001b[33mclass\u001b[39m=\u001b[32m\"bg-white rounded-lg shadow-md p-4\"\u001b[39m\n    \u001b[36m>\u001b[39m\n      \u001b[36m<h3\u001b[39m\n        \u001b[33mclass\u001b[39m=\u001b[32m\"font-bold text-lg mb-3\"\u001b[39m\n      \u001b[36m>\u001b[39m\n        \u001b[0mGame Mode\u001b[0m\n      \u001b[36m</h3>\u001b[39m\n      \u001b[36m<div\u001b[39m\n        \u001b[33mclass\u001b[39m=\u001b[32m\"space-y-3\"\u001b[39m\n      \u001b[36m>\u001b[39m\n        \u001b[36m<label\u001b[39m\n          \u001b[33mclass\u001b[39m=\u001b[32m\"flex items-center cursor-pointer\"\u001b[39m\n        \u001b[36m>\u001b[39m\n          \u001b[36m<input\u001b[39m\n            \u001b[33mclass\u001b[39m=\u001b[32m\"mr-3\"\u001b[39m\n            \u001b[33mname\u001b[39m=\u001b[32m\"gameMode\"\u001b[39m\n            \u001b[33mtype\u001b[39m=\u001b[32m\"radio\"\u001b[39m\n            \u001b[33mvalue\u001b[39m=\u001b[32m\"human-vs-human\"\u001b[39m\n          \u001b[36m/>\u001b[39m\n          \u001b[36m<div>\u001b[39m\n            \u001b[36m<div\u001b[39m\n              \u001b[33mclass\u001b[39m=\u001b[32m\"font-semibold\"\u001b[39m\n            \u001b[36m>\u001b[39m\n              \u001b[0mHuman vs Human\u001b[0m\n            \u001b[36m</div>\u001b[39m\n            \u001b[36m<div\u001b[39m\n              \u001b[33mclass\u001b[39m=\u001b[32m\"text-sm text-gray-600\"\u001b[39m\n            \u001b[36m>\u001b[39m\n              \u001b[0mPlay against another person\u001b[0m\n            \u001b[36m</div>\u001b[39m\n          \u001b[36m</div>\u001b[39m\n        \u001b[36m</label>\u001b[39m\n        \u001b[36m<label\u001b[39m\n          \u001b[33mclass\u001b[39m=\u001b[32m\"flex items-center cursor-pointer\"\u001b[39m\n        \u001b[36m>\u001b[39m\n          \u001b[36m<input\u001b[39m\n            \u001b[33mchecked\u001b[39m=\u001b[32m\"\"\u001b[39m\n            \u001b[33mclass\u001b[39m=\u001b[32m\"mr-3\"\u001b[39m\n            \u001b[33mname\u001b[39m=\u001b[32m\"gameMode\"\u001b[39m\n            \u001b[33mtype\u001b[39m=\u001b[32m\"radio\"\u001b[39m\n            \u001b[33mvalue\u001b[39m=\u001b[32m\"human-vs-ai\"\u001b[39m\n          \u001b[36m/>\u001b[39m\n          \u001b[36m<div>\u001b[39m\n            \u001b[36m<div\u001b[39m\n              \u001b[33mclass\u001b[39m=\u001b[32m\"font-semibold\"\u001b[39m\n            \u001b[36m>\u001b[39m\n              \u001b[0mHuman vs Computer\u001b[0m\n            \u001b[36m</div>\u001b[39m\n            \u001b[36m<div\u001b[39m\n              \u001b[33mclass\u001b[39m=\u001b[32m\"text-sm text-gray-600\"\u001b[39m\n            \u001b[36m>\u001b[39m\n              \u001b[0mPlay against AI opponent\u001b[0m\n            \u001b[36m</div>\u001b[39m\n          \u001b[36m</div>\u001b[39m\n        \u001b[36m</label>\u001b[39m\n        \u001b[36m<div\u001b[39m\n          \u001b[33mclass\u001b[39m=\u001b[32m\"ml-6 pl-4 border-l-2 border-gray-200 space-y-4\"\u001b[39m\n        \u001b[36m>\u001b[39m\n          \u001b[36m<div>\u001b[39m\n            \u001b[36m<div\u001b[39m\n              \u001b[33mclass\u001b[39m=\u001b[32m\"text-sm font-medium mb-2\"\u001b[39m\n            \u001b[36m>\u001b[39m\n              \u001b[0mComputer plays:\u001b[0m\n            \u001b[36m</div>\u001b[39m\n            \u001b[36m<div\u001b[39m\n              \u001b[33mclass\u001b[39m=\u001b[32m\"flex gap-3\"\u001b[39m\n            \u001b[36m>\u001b[39m\n              \u001b[36m<label\u001b[39m\n                \u001b[33mclass\u001b[39m=\u001b[32m\"flex items-center cursor-pointer\"\u001b[39m\n              \u001b[36m>\u001b[39m\n                \u001b[36m<input\u001b[39m\n                  \u001b[33mclass\u001b[39m=\u001b[32m\"mr-2\"\u001b[39m\n                  \u001b[33mname\u001b[39m=\u001b[32m\"aiColor\"\u001b[39m\n                  \u001b[33mtype\u001b[39m=\u001b[32m\"radio\"\u001b[39m\n                  \u001b[33mvalue\u001b[39m=\u001b[32m\"w\"\u001b[39m\n                \u001b[36m/>\u001b[39m\n                \u001b[36m<div\u001b[39m\n                  \u001b[33mclass\u001b[39m=\u001b[32m\"flex items-center gap-1\"\u001b[39m\n                \u001b[36m>\u001b[39m\n                  \u001b[36m<div\u001b[39m\n                    \u001b[33mclass\u001b[39m=\u001b[32m\"w-3 h-3 bg-gray-100 border border-gray-400 rounded-sm\"\u001b[39m\n                  \u001b[36m/>\u001b[39m\n                  \u001b[36m<span\u001b[39m\n                    \u001b[33mclass\u001b[39m=\u001b[32m\"text-sm\"\u001b[39m\n                  \u001b[36m>\u001b[39m\n                    \u001b[0mWhite\u001b[0m\n                  \u001b[36m</span>\u001b[39m\n                \u001b[36m</div>\u001b[39m\n              \u001b[36m</label>\u001b[39m\n              \u001b[36m<label\u001b[39m\n                \u001b[33mclass\u001b[39m=\u001b[32m\"flex items-center cursor-pointer\"\u001b[39m\n              \u001b[36m>\u001b[39m\n                \u001b[36m<input\u001b[39m\n                  \u001b[33mchecked\u001b[39m=\u001b[32m\"\"\u001b[39m\n                  \u001b[33mclass\u001b[39m=\u001b[32m\"mr-2\"\u001b[39m\n                  \u001b[33mname\u001b[39m=\u001b[32m\"aiColor\"\u001b[39m\n                  \u001b[33mtype\u001b[39m=\u001b[32m\"radio\"\u001b[39m\n                  \u001b[33mvalue\u001b[39m=\u001b[32m\"b\"\u001b[39m\n                \u001b[36m/>\u001b[39m\n                \u001b[36m<div\u001b[39m\n                  \u001b[33mclass\u001b[39m=\u001b[32m\"flex items-center gap-1\"\u001b[39m\n                \u001b[36m>\u001b[39m\n                  \u001b[36m<div\u001b[39m\n                    \u001b[33mclass\u001b[39m=\u001b[32m\"w-3 h-3 bg-gray-800 rounded-sm\"\u001b[39m\n                  \u001b[36m/>\u001b[39m\n                  \u001b[36m<span\u001b[39m\n                    \u001b[33mclass\u001b[39m=\u001b[32m\"text-sm\"\u001b[39m\n                  \u001b[36m>\u001b[39m\n                    \u001b[0mBlack\u001b[0m\n                  \u001b[36m</span>\u001b[39m\n                \u001b[36m</div>\u001b[39m\n              \u001b[36m</label>\u001b[39m\n            \u001b[36m</div>\u001b[39m\n          \u001b[36m</div>\u001b[39m\n          \u001b[36m<div>\u001b[39m\n            \u001b[36m<div\u001b[39m\n              \u001b[33mclass\u001b[39m=\u001b[32m\"text-sm font-medium mb-2\"\u001b[39m\n            \u001b[36m>\u001b[39m\n              \u001b[0mDifficulty Level:\u001b[0m\n            \u001b[36m</div>\u001b[39m\n            \u001b[36m<div\u001b[39m\n              \u001b[33mclass\u001b[39m=\u001b[32m\"space-y-2\"\u001b[39m\n            \u001b[36m>\u001b[39m\n              \u001b[36m<label\u001b[39m\n                \u001b[33mclass\u001b[39m=\u001b[32m\"flex items-start cursor-pointer\"\u001b[39m\n              \u001b[36m>\u001b[39m\n                \u001b[36m<input\u001b[39m\n                  \u001b[33mclass\u001b[39m=\u001b[32m\"mr-3 mt-0.5\"\u001b[39m\n                  \u001b[33mname\u001b[39m=\u001b[32m\"difficulty\"\u001b[39m\n                  \u001b[33mtype\u001b[39m=\u001b[32m\"radio\"\u001b[39m\n                  \u001b[33mvalue\u001b[39m=\u001b[32m\"beginner\"\u001b[39m\n                \u001b[36m/>\u001b[39m\n                \u001b[36m<div>\u001b[39m\n                  \u001b[36m<div\u001b[39m\n                    \u001b[33mclass\u001b[39m=\u001b[32m\"text-sm font-medium\"\u001b[39m\n                  \u001b[36m>\u001b[39m\n                    \u001b[0mBeginner\u001b[0m\n                  \u001b[36m</div>\u001b[39m\n                  \u001b[36m<div\u001b[39m\n                    \u001b[33mclass\u001b[39m=\u001b[32m\"text-xs text-gray-600\"\u001b[39m\n                  \u001b[36m>\u001b[39m\n                    \u001b[0mVery easy, makes many mistakes\u001b[0m\n                  \u001b[36m</div>\u001b[39m\n                \u001b[36m</div>\u001b[39m\n              \u001b[36m</label>\u001b[39m\n              \u001b[36m<label\u001b[39m\n                \u001b[33mclass\u001b[39m=\u001b[32m\"flex items-start cursor-pointer\"\u001b[39m\n              \u001b[36m>\u001b[39m\n                \u001b[36m<input\u001b[39m\n                  \u001b[33mclass\u001b[39m=\u001b[32m\"mr-3 mt-0.5\"\u001b[39m\n                  \u001b[33mname\u001b[39m=\u001b[32m\"difficulty\"\u001b[39m\n                  \u001b[33mtype\u001b[39m=\u001b[32m\"radio\"\u001b[39m\n                  \u001b[33mvalue\u001b[39m=\u001b[32m\"easy\"\u001b[39m\n                \u001b[36m/>\u001b[39m\n                \u001b[36m<div>\u001b[39m\n                  \u001b[36m<div\u001b[39m\n                    \u001b[33mclass\u001b[39m=\u001b[32m\"text-sm font-medium\"\u001b[39m\n                  \u001b[36m>\u001b[39m\n                    \u001b[0mEasy\u001b[0m\n                  \u001b[36m</div>\u001b[39m\n                  \u001b[36m<div\u001b[39m\n                    \u001b[33mclass\u001b[39m=\u001b[32m\"text-xs text-gray-600\"\u001b[39m\n                  \u001b[36m>\u001b[39m\n                    \u001b[0mCasual play, some mistakes\u001b[0m\n                  \u001b[36m</div>\u001b[39m\n                \u001b[36m</div>\u001b[39m\n              \u001b[36m</label>\u001b[39m\n              \u001b[36m<label\u001b[39m\n                \u001b[33mclass\u001b[39m=\u001b[32m\"flex items-start cursor-pointer\"\u001b[39m\n              \u001b[36m>\u001b[39m\n                \u001b[36m<input\u001b[39m\n                  \u001b[33mchecked\u001b[39m=\u001b[32m\"\"\u001b[39m\n                  \u001b[33mclass\u001b[39m=\u001b[32m\"mr-3 mt-0.5\"\u001b[39m\n                  \u001b[33mname\u001b[39m=\u001b[32m\"difficulty\"\u001b[39m\n                  \u001b[33mtype\u001b[39m=\u001b[32m\"radio\"\u001b[39m\n                  \u001b[33mvalue\u001b[39m=\u001b[32m\"medium\"\u001b[39m\n                \u001b[36m/>\u001b[39m\n                \u001b[36m<div>\u001b[39m\n                  \u001b[36m<div\u001b[39m\n                    \u001b[33mclass\u001b[39m=\u001b[32m\"text-sm font-medium\"\u001b[39m\n                  \u001b[36m>\u001b[39m\n                    \u001b[0mMedium\u001b[0m\n                  \u001b[36m</div>\u001b[39m\n                  \u001b[36m<div\u001b[39m\n                    \u001b[33mclass\u001b[39m=\u001b[32m\"text-xs text-gray-600\"\u001b[39m\n                  \u001b[36m>\u001b[39m\n                    \u001b[0mBalanced challenge\u001b[0m\n                  \u001b[36m</div>\u001b[39m\n                \u001b[36m</div>\u001b[39m\n              \u001b[36m</label>\u001b[39m\n              \u001b[36m<label\u001b[39m\n                \u001b[33mclass\u001b[39m=\u001b[32m\"flex items-start cursor-pointer\"\u001b[39m\n              \u001b[36m>\u001b[39m\n                \u001b[36m<input\u001b[39m\n                  \u001b[33mclass\u001b[39m=\u001b[32m\"mr-3 mt-0.5\"\u001b[39m\n                  \u001b[33mname\u001b[39m=\u001b[32m\"difficulty\"\u001b[39m\n                  \u001b[33mtype\u001b[39m=\u001b[32m\"radio\"\u001b[39m\n                  \u001b[33mvalue\u001b[39m=\u001b[32m\"hard\"\u001b[39m\n                \u001b[36m/>\u001b[39m\n                \u001b[36m<div>\u001b[39m\n                  \u001b[36m<div\u001b[39m\n                    \u001b[33mclass\u001b[39m=\u001b[32m\"text-sm font-medium\"\u001b[39m\n                  \u001b[36m>\u001b[39m\n                    \u001b[0mHard\u001b[0m\n                  \u001b[36m</div>\u001b[39m\n                  \u001b[36m<div\u001b[39m\n                    \u001b[33mclass\u001b[39m=\u001b[32m\"text-xs text-gray-600\"\u001b[39m\n                  \u001b[36m>\u001b[39m\n                    \u001b[0mStrong play, few mistakes\u001b[0m\n                  \u001b[36m</div>\u001b[39m\n                \u001b[36m</div>\u001b[39m\n              \u001b[36m</label>\u001b[39m\n              \u001b[36m<label\u001b[39m\n                \u001b[33mclass\u001b[39m=\u001b[32m\"flex items-start cursor-pointer\"\u001b[39m\n              \u001b[36m>\u001b[39m\n                \u001b[36m<input\u001b[39m\n                  \u001b[33mclass\u001b[39m=\u001b[32m\"mr-3 mt-0.5\"\u001b[39m\n                  \u001b[33mname\u001b[39m=\u001b[32m\"difficulty\"\u001b[39m\n                  \u001b[33mtype\u001b[39m=\u001b[32m\"radio\"\u001b[39m\n                  \u001b[33mvalue\u001b[39m=\u001b[32m\"expert\"\u001b[39m\n                \u001b[36m/>\u001b[39m\n                \u001b[36m<div>\u001b[39m\n                  \u001b[36m<div\u001b[39m\n                    \u001b[33mclass\u001b[39m=\u001b[32m\"text-sm font-medium\"\u001b[39m\n                  \u001b[36m>\u001b[39m\n                    \u001b[0mExpert\u001b[0m\n                  \u001b[36m</div>\u001b[39m\n                  \u001b[36m<div\u001b[39m\n                    \u001b[33mclass\u001b[39m=\u001b[32m\"text-xs text-gray-600\"\u001b[39m\n                  \u001b[36m>\u001b[39m\n                    \u001b[0mVery strong, minimal mistakes\u001b[0m\n                  \u001b[36m</div>\u001b[39m\n                \u001b[36m</div>\u001b[39m\n              \u001b[36m</label>\u001b[39m\n            \u001b[36m</div>\u001b[39m\n          \u001b[36m</div>\u001b[39m\n        \u001b[36m</div>\u001b[39m\n        \u001b[36m<div\u001b[39m\n          \u001b[33mclass\u001b[39m=\u001b[32m\"pt-3 mt-3 border-t border-gray-200\"\u001b[39m\n        \u001b[36m>\u001b[39m\n          \u001b[36m<button\u001b[39m\n            \u001b[33mclass\u001b[39m=\u001b[32m\"w-full bg-green-600 text-white py-2 px-4 rounded-lg hover:bg-green-700 transition flex items-center justify-center gap-2\"\u001b[39m\n          \u001b[36m>\u001b[39m\n            \u001b[36m<svg\u001b[39m\n              \u001b[33mclass\u001b[39m=\u001b[32m\"w-5 h-5\"\u001b[39m\n              \u001b[33mfill\u001b[39m=\u001b[32m\"none\"\u001b[39m\n              \u001b[33mstroke\u001b[39m=\u001b[32m\"currentColor\"\u001b[39m\n              \u001b[33mviewBox\u001b[39m=\u001b[32m\"0 0 24 24\"\u001b[39m\n            \u001b[36m>\u001b[39m\n              \u001b[36m<path\u001b[39m\n                \u001b[33md\u001b[39m=\u001b[32m\"M21 12a9 9 0 01-9 9m9-9a9 9 0 00-9-9m9 9H3m9 9a9 9 0 01-9-9m9 9c1.657 0 3-4.03 3-9s-1.343-9-3-9m0 18c-1.657 0-3-4.03-3-9s1.343-9 3-9m-9 9a9 9 0 019-9\"\u001b[39m\n                \u001b[33mstroke-linecap\u001b[39m=\u001b[32m\"round\"\u001b[39m\n                \u001b[33mstroke-linejoin\u001b[39m=\u001b[32m\"round\"\u001b[39m\n                \u001b[33mstroke-width\u001b[39m=\u001b[32m\"2\"\u001b[39m\n              \u001b[36m/>\u001b[39m\n            \u001b[36m</svg>\u001b[39m\n            \u001b[0mPlay Online with Friends\u001b[0m\n          \u001b[36m</button>\u001b[39m\n        \u001b[36m</div>\u001b[39m\n      \u001b[36m</div>\u001b[39m\n      \u001b[36m<div\u001b[39m\n        \u001b[33mclass\u001b[39m=\u001b[32m\"mt-4 pt-3 border-t border-gray-200\"\u001b[39m\n      \u001b[36m>\u001b[39m\n        \u001b[36m<div\u001b[39m\n          \u001b[33mclass\u001b[39m=\u001b[32m\"text-xs text-gray-600\"\u001b[39m\n        \u001b[36m>\u001b[39m\n          \u001b[0mCurrent: \u001b[0m\n          \u001b[36m<span\u001b[39m\n            \u001b[33mclass\u001b[39m=\u001b[32m\"font-semibold\"\u001b[39m\n          \u001b[36m>\u001b[39m\n            \u001b[0mHuman vs AI (Medium, AI plays Black)\u001b[0m\n          \u001b[36m</span>\u001b[39m\n        \u001b[36m</div>\u001b[39m\n      \u001b[36m</div>\u001b[39m\n    \u001b[36m</div>\u001b[39m\n  \u001b[36m</div>\u001b[39m\n\u001b[36m</body>\u001b[39m\n    at Object.getElementError (/home/caspar/Documents/Coding/Chess/node_modules/@testing-library/react/node_modules/@testing-library/dom/dist/config.js:37:19)\n    at getAllByLabelText (/home/caspar/Documents/Coding/Chess/node_modules/@testing-library/react/node_modules/@testing-library/dom/dist/queries/label-text.js:103:38)\n    at /home/caspar/Documents/Coding/Chess/node_modules/@testing-library/react/node_modules/@testing-library/dom/dist/query-helpers.js:52:17\n    at getByLabelText (/home/caspar/Documents/Coding/Chess/node_modules/@testing-library/react/node_modules/@testing-library/dom/dist/query-helpers.js:95:19)\n    at Object.<anonymous> (/home/caspar/Documents/Coding/Chess/src/components/GameModeSelector/GameModeSelector.test.tsx:158:28)\n    at Promise.then.completed (/home/caspar/Documents/Coding/Chess/node_modules/jest-circus/build/utils.js:391:28)\n    at new Promise (<anonymous>)\n    at callAsyncCircusFn (/home/caspar/Documents/Coding/Chess/node_modules/jest-circus/build/utils.js:316:10)\n    at _callCircusTest (/home/caspar/Documents/Coding/Chess/node_modules/jest-circus/build/run.js:218:40)\n    at processTicksAndRejections (node:internal/process/task_queues:105:5)\n    at _runTest (/home/caspar/Documents/Coding/Chess/node_modules/jest-circus/build/run.js:155:3)\n    at _runTestsForDescribeBlock (/home/caspar/Documents/Coding/Chess/node_modules/jest-circus/build/run.js:66:9)\n    at _runTestsForDescribeBlock (/home/caspar/Documents/Coding/Chess/node_modules/jest-circus/build/run.js:60:9)\n    at run (/home/caspar/Documents/Coding/Chess/node_modules/jest-circus/build/run.js:25:3)\n    at runAndTransformResultsToJestFormat (/home/caspar/Documents/Coding/Chess/node_modules/jest-circus/build/legacy-code-todo-rewrite/jestAdapterInit.js:170:21)\n    at jestAdapter (/home/caspar/Documents/Coding/Chess/node_modules/jest-circus/build/legacy-code-todo-rewrite/jestAdapter.js:82:19)\n    at runTestInternal (/home/caspar/Documents/Coding/Chess/node_modules/jest-runner/build/runTest.js:389:16)\n    at runTest (/home/caspar/Documents/Coding/Chess/node_modules/jest-runner/build/runTest.js:475:34)\n    at Object.worker (/home/caspar/Documents/Coding/Chess/node_modules/jest-runner/build/testWorker.js:133:12)"],"fullName":"GameModeSelector Component should handle difficulty level selection","location":null,"status":"failed","title":"should handle difficulty level selection"},{"ancestorTitles":["GameModeSelector Component"],"failureMessages":[],"fullName":"GameModeSelector Component should display all difficulty levels with descriptions","location":null,"status":"passed","title":"should display all difficulty levels with descriptions"},{"ancestorTitles":["GameModeSelector Component"],"failureMessages":["TestingLibraryElementError: Unable to find a label with the text of: Human vs Computer\n\nIgnored nodes: comments, script, style\n\u001b[36m<body>\u001b[39m\n  \u001b[36m<div>\u001b[39m\n    \u001b[36m<div\u001b[39m\n      \u001b[33mclass\u001b[39m=\u001b[32m\"bg-white rounded-lg shadow-md p-4\"\u001b[39m\n    \u001b[36m>\u001b[39m\n      \u001b[36m<h3\u001b[39m\n        \u001b[33mclass\u001b[39m=\u001b[32m\"font-bold text-lg mb-3\"\u001b[39m\n      \u001b[36m>\u001b[39m\n        \u001b[0mGame Mode\u001b[0m\n      \u001b[36m</h3>\u001b[39m\n      \u001b[36m<div\u001b[39m\n        \u001b[33mclass\u001b[39m=\u001b[32m\"space-y-3\"\u001b[39m\n      \u001b[36m>\u001b[39m\n        \u001b[36m<label\u001b[39m\n          \u001b[33mclass\u001b[39m=\u001b[32m\"flex items-center cursor-pointer\"\u001b[39m\n        \u001b[36m>\u001b[39m\n          \u001b[36m<input\u001b[39m\n            \u001b[33mclass\u001b[39m=\u001b[32m\"mr-3\"\u001b[39m\n            \u001b[33mname\u001b[39m=\u001b[32m\"gameMode\"\u001b[39m\n            \u001b[33mtype\u001b[39m=\u001b[32m\"radio\"\u001b[39m\n            \u001b[33mvalue\u001b[39m=\u001b[32m\"human-vs-human\"\u001b[39m\n          \u001b[36m/>\u001b[39m\n          \u001b[36m<div>\u001b[39m\n            \u001b[36m<div\u001b[39m\n              \u001b[33mclass\u001b[39m=\u001b[32m\"font-semibold\"\u001b[39m\n            \u001b[36m>\u001b[39m\n              \u001b[0mHuman vs Human\u001b[0m\n            \u001b[36m</div>\u001b[39m\n            \u001b[36m<div\u001b[39m\n              \u001b[33mclass\u001b[39m=\u001b[32m\"text-sm text-gray-600\"\u001b[39m\n            \u001b[36m>\u001b[39m\n              \u001b[0mPlay against another person\u001b[0m\n            \u001b[36m</div>\u001b[39m\n          \u001b[36m</div>\u001b[39m\n        \u001b[36m</label>\u001b[39m\n        \u001b[36m<label\u001b[39m\n          \u001b[33mclass\u001b[39m=\u001b[32m\"flex items-center cursor-pointer\"\u001b[39m\n        \u001b[36m>\u001b[39m\n          \u001b[36m<input\u001b[39m\n            \u001b[33mchecked\u001b[39m=\u001b[32m\"\"\u001b[39m\n            \u001b[33mclass\u001b[39m=\u001b[32m\"mr-3\"\u001b[39m\n            \u001b[33mname\u001b[39m=\u001b[32m\"gameMode\"\u001b[39m\n            \u001b[33mtype\u001b[39m=\u001b[32m\"radio\"\u001b[39m\n            \u001b[33mvalue\u001b[39m=\u001b[32m\"human-vs-ai\"\u001b[39m\n          \u001b[36m/>\u001b[39m\n          \u001b[36m<div>\u001b[39m\n            \u001b[36m<div\u001b[39m\n              \u001b[33mclass\u001b[39m=\u001b[32m\"font-semibold\"\u001b[39m\n            \u001b[36m>\u001b[39m\n              \u001b[0mHuman vs Computer\u001b[0m\n            \u001b[36m</div>\u001b[39m\n            \u001b[36m<div\u001b[39m\n              \u001b[33mclass\u001b[39m=\u001b[32m\"text-sm text-gray-600\"\u001b[39m\n            \u001b[36m>\u001b[39m\n              \u001b[0mPlay against AI opponent\u001b[0m\n            \u001b[36m</div>\u001b[39m\n          \u001b[36m</div>\u001b[39m\n        \u001b[36m</label>\u001b[39m\n        \u001b[36m<div\u001b[39m\n          \u001b[33mclass\u001b[39m=\u001b[32m\"ml-6 pl-4 border-l-2 border-gray-200 space-y-4\"\u001b[39m\n        \u001b[36m>\u001b[39m\n          \u001b[36m<div>\u001b[39m\n            \u001b[36m<div\u001b[39m\n              \u001b[33mclass\u001b[39m=\u001b[32m\"text-sm font-medium mb-2\"\u001b[39m\n            \u001b[36m>\u001b[39m\n              \u001b[0mComputer plays:\u001b[0m\n            \u001b[36m</div>\u001b[39m\n            \u001b[36m<div\u001b[39m\n              \u001b[33mclass\u001b[39m=\u001b[32m\"flex gap-3\"\u001b[39m\n            \u001b[36m>\u001b[39m\n              \u001b[36m<label\u001b[39m\n                \u001b[33mclass\u001b[39m=\u001b[32m\"flex items-center cursor-pointer\"\u001b[39m\n              \u001b[36m>\u001b[39m\n                \u001b[36m<input\u001b[39m\n                  \u001b[33mclass\u001b[39m=\u001b[32m\"mr-2\"\u001b[39m\n                  \u001b[33mname\u001b[39m=\u001b[32m\"aiColor\"\u001b[39m\n                  \u001b[33mtype\u001b[39m=\u001b[32m\"radio\"\u001b[39m\n                  \u001b[33mvalue\u001b[39m=\u001b[32m\"w\"\u001b[39m\n                \u001b[36m/>\u001b[39m\n                \u001b[36m<div\u001b[39m\n                  \u001b[33mclass\u001b[39m=\u001b[32m\"flex items-center gap-1\"\u001b[39m\n                \u001b[36m>\u001b[39m\n                  \u001b[36m<div\u001b[39m\n                    \u001b[33mclass\u001b[39m=\u001b[32m\"w-3 h-3 bg-gray-100 border border-gray-400 rounded-sm\"\u001b[39m\n                  \u001b[36m/>\u001b[39m\n                  \u001b[36m<span\u001b[39m\n                    \u001b[33mclass\u001b[39m=\u001b[32m\"text-sm\"\u001b[39m\n                  \u001b[36m>\u001b[39m\n                    \u001b[0mWhite\u001b[0m\n                  \u001b[36m</span>\u001b[39m\n                \u001b[36m</div>\u001b[39m\n              \u001b[36m</label>\u001b[39m\n              \u001b[36m<label\u001b[39m\n                \u001b[33mclass\u001b[39m=\u001b[32m\"flex items-center cursor-pointer\"\u001b[39m\n              \u001b[36m>\u001b[39m\n                \u001b[36m<input\u001b[39m\n                  \u001b[33mchecked\u001b[39m=\u001b[32m\"\"\u001b[39m\n                  \u001b[33mclass\u001b[39m=\u001b[32m\"mr-2\"\u001b[39m\n                  \u001b[33mname\u001b[39m=\u001b[32m\"aiColor\"\u001b[39m\n                  \u001b[33mtype\u001b[39m=\u001b[32m\"radio\"\u001b[39m\n                  \u001b[33mvalue\u001b[39m=\u001b[32m\"b\"\u001b[39m\n                \u001b[36m/>\u001b[39m\n                \u001b[36m<div\u001b[39m\n                  \u001b[33mclass\u001b[39m=\u001b[32m\"flex items-center gap-1\"\u001b[39m\n                \u001b[36m>\u001b[39m\n                  \u001b[36m<div\u001b[39m\n                    \u001b[33mclass\u001b[39m=\u001b[32m\"w-3 h-3 bg-gray-800 rounded-sm\"\u001b[39m\n                  \u001b[36m/>\u001b[39m\n                  \u001b[36m<span\u001b[39m\n                    \u001b[33mclass\u001b[39m=\u001b[32m\"text-sm\"\u001b[39m\n                  \u001b[36m>\u001b[39m\n                    \u001b[0mBlack\u001b[0m\n                  \u001b[36m</span>\u001b[39m\n                \u001b[36m</div>\u001b[39m\n              \u001b[36m</label>\u001b[39m\n            \u001b[36m</div>\u001b[39m\n          \u001b[36m</div>\u001b[39m\n          \u001b[36m<div>\u001b[39m\n            \u001b[36m<div\u001b[39m\n              \u001b[33mclass\u001b[39m=\u001b[32m\"text-sm font-medium mb-2\"\u001b[39m\n            \u001b[36m>\u001b[39m\n              \u001b[0mDifficulty Level:\u001b[0m\n            \u001b[36m</div>\u001b[39m\n            \u001b[36m<div\u001b[39m\n              \u001b[33mclass\u001b[39m=\u001b[32m\"space-y-2\"\u001b[39m\n            \u001b[36m>\u001b[39m\n              \u001b[36m<label\u001b[39m\n                \u001b[33mclass\u001b[39m=\u001b[32m\"flex items-start cursor-pointer\"\u001b[39m\n              \u001b[36m>\u001b[39m\n                \u001b[36m<input\u001b[39m\n                  \u001b[33mclass\u001b[39m=\u001b[32m\"mr-3 mt-0.5\"\u001b[39m\n                  \u001b[33mname\u001b[39m=\u001b[32m\"difficulty\"\u001b[39m\n                  \u001b[33mtype\u001b[39m=\u001b[32m\"radio\"\u001b[39m\n                  \u001b[33mvalue\u001b[39m=\u001b[32m\"beginner\"\u001b[39m\n                \u001b[36m/>\u001b[39m\n                \u001b[36m<div>\u001b[39m\n                  \u001b[36m<div\u001b[39m\n                    \u001b[33mclass\u001b[39m=\u001b[32m\"text-sm font-medium\"\u001b[39m\n                  \u001b[36m>\u001b[39m\n                    \u001b[0mBeginner\u001b[0m\n                  \u001b[36m</div>\u001b[39m\n                  \u001b[36m<div\u001b[39m\n                    \u001b[33mclass\u001b[39m=\u001b[32m\"text-xs text-gray-600\"\u001b[39m\n                  \u001b[36m>\u001b[39m\n                    \u001b[0mVery easy, makes many mistakes\u001b[0m\n                  \u001b[36m</div>\u001b[39m\n                \u001b[36m</div>\u001b[39m\n              \u001b[36m</label>\u001b[39m\n              \u001b[36m<label\u001b[39m\n                \u001b[33mclass\u001b[39m=\u001b[32m\"flex items-start cursor-pointer\"\u001b[39m\n              \u001b[36m>\u001b[39m\n                \u001b[36m<input\u001b[39m\n                  \u001b[33mclass\u001b[39m=\u001b[32m\"mr-3 mt-0.5\"\u001b[39m\n                  \u001b[33mname\u001b[39m=\u001b[32m\"difficulty\"\u001b[39m\n                  \u001b[33mtype\u001b[39m=\u001b[32m\"radio\"\u001b[39m\n                  \u001b[33mvalue\u001b[39m=\u001b[32m\"easy\"\u001b[39m\n                \u001b[36m/>\u001b[39m\n                \u001b[36m<div>\u001b[39m\n                  \u001b[36m<div\u001b[39m\n                    \u001b[33mclass\u001b[39m=\u001b[32m\"text-sm font-medium\"\u001b[39m\n                  \u001b[36m>\u001b[39m\n                    \u001b[0mEasy\u001b[0m\n                  \u001b[36m</div>\u001b[39m\n                  \u001b[36m<div\u001b[39m\n                    \u001b[33mclass\u001b[39m=\u001b[32m\"text-xs text-gray-600\"\u001b[39m\n                  \u001b[36m>\u001b[39m\n                    \u001b[0mCasual play, some mistakes\u001b[0m\n                  \u001b[36m</div>\u001b[39m\n                \u001b[36m</div>\u001b[39m\n              \u001b[36m</label>\u001b[39m\n              \u001b[36m<label\u001b[39m\n                \u001b[33mclass\u001b[39m=\u001b[32m\"flex items-start cursor-pointer\"\u001b[39m\n              \u001b[36m>\u001b[39m\n                \u001b[36m<input\u001b[39m\n                  \u001b[33mchecked\u001b[39m=\u001b[32m\"\"\u001b[39m\n                  \u001b[33mclass\u001b[39m=\u001b[32m\"mr-3 mt-0.5\"\u001b[39m\n                  \u001b[33mname\u001b[39m=\u001b[32m\"difficulty\"\u001b[39m\n                  \u001b[33mtype\u001b[39m=\u001b[32m\"radio\"\u001b[39m\n                  \u001b[33mvalue\u001b[39m=\u001b[32m\"medium\"\u001b[39m\n                \u001b[36m/>\u001b[39m\n                \u001b[36m<div>\u001b[39m\n                  \u001b[36m<div\u001b[39m\n                    \u001b[33mclass\u001b[39m=\u001b[32m\"text-sm font-medium\"\u001b[39m\n                  \u001b[36m>\u001b[39m\n                    \u001b[0mMedium\u001b[0m\n                  \u001b[36m</div>\u001b[39m\n                  \u001b[36m<div\u001b[39m\n                    \u001b[33mclass\u001b[39m=\u001b[32m\"text-xs text-gray-600\"\u001b[39m\n                  \u001b[36m>\u001b[39m\n                    \u001b[0mBalanced challenge\u001b[0m\n                  \u001b[36m</div>\u001b[39m\n                \u001b[36m</div>\u001b[39m\n              \u001b[36m</label>\u001b[39m\n              \u001b[36m<label\u001b[39m\n                \u001b[33mclass\u001b[39m=\u001b[32m\"flex items-start cursor-pointer\"\u001b[39m\n              \u001b[36m>\u001b[39m\n                \u001b[36m<input\u001b[39m\n                  \u001b[33mclass\u001b[39m=\u001b[32m\"mr-3 mt-0.5\"\u001b[39m\n                  \u001b[33mname\u001b[39m=\u001b[32m\"difficulty\"\u001b[39m\n                  \u001b[33mtype\u001b[39m=\u001b[32m\"radio\"\u001b[39m\n                  \u001b[33mvalue\u001b[39m=\u001b[32m\"hard\"\u001b[39m\n                \u001b[36m/>\u001b[39m\n                \u001b[36m<div>\u001b[39m\n                  \u001b[36m<div\u001b[39m\n                    \u001b[33mclass\u001b[39m=\u001b[32m\"text-sm font-medium\"\u001b[39m\n                  \u001b[36m>\u001b[39m\n                    \u001b[0mHard\u001b[0m\n                  \u001b[36m</div>\u001b[39m\n                  \u001b[36m<div\u001b[39m\n                    \u001b[33mclass\u001b[39m=\u001b[32m\"text-xs text-gray-600\"\u001b[39m\n                  \u001b[36m>\u001b[39m\n                    \u001b[0mStrong play, few mistakes\u001b[0m\n                  \u001b[36m</div>\u001b[39m\n                \u001b[36m</div>\u001b[39m\n              \u001b[36m</label>\u001b[39m\n              \u001b[36m<label\u001b[39m\n                \u001b[33mclass\u001b[39m=\u001b[32m\"flex items-start cursor-pointer\"\u001b[39m\n              \u001b[36m>\u001b[39m\n                \u001b[36m<input\u001b[39m\n                  \u001b[33mclass\u001b[39m=\u001b[32m\"mr-3 mt-0.5\"\u001b[39m\n                  \u001b[33mname\u001b[39m=\u001b[32m\"difficulty\"\u001b[39m\n                  \u001b[33mtype\u001b[39m=\u001b[32m\"radio\"\u001b[39m\n                  \u001b[33mvalue\u001b[39m=\u001b[32m\"expert\"\u001b[39m\n                \u001b[36m/>\u001b[39m\n                \u001b[36m<div>\u001b[39m\n                  \u001b[36m<div\u001b[39m\n                    \u001b[33mclass\u001b[39m=\u001b[32m\"text-sm font-medium\"\u001b[39m\n                  \u001b[36m>\u001b[39m\n                    \u001b[0mExpert\u001b[0m\n                  \u001b[36m</div>\u001b[39m\n                  \u001b[36m<div\u001b[39m\n                    \u001b[33mclass\u001b[39m=\u001b[32m\"text-xs text-gray-600\"\u001b[39m\n                  \u001b[36m>\u001b[39m\n                    \u001b[0mVery strong, minimal mistakes\u001b[0m\n                  \u001b[36m</div>\u001b[39m\n                \u001b[36m</div>\u001b[39m\n              \u001b[36m</label>\u001b[39m\n            \u001b[36m</div>\u001b[39m\n          \u001b[36m</div>\u001b[39m\n        \u001b[36m</div>\u001b[39m\n        \u001b[36m<div\u001b[39m\n          \u001b[33mclass\u001b[39m=\u001b[32m\"pt-3 mt-3 border-t border-gray-200\"\u001b[39m\n        \u001b[36m>\u001b[39m\n          \u001b[36m<button\u001b[39m\n            \u001b[33mclass\u001b[39m=\u001b[32m\"w-full bg-green-600 text-white py-2 px-4 rounded-lg hover:bg-green-700 transition flex items-center justify-center gap-2\"\u001b[39m\n          \u001b[36m>\u001b[39m\n            \u001b[36m<svg\u001b[39m\n              \u001b[33mclass\u001b[39m=\u001b[32m\"w-5 h-5\"\u001b[39m\n              \u001b[33mfill\u001b[39m=\u001b[32m\"none\"\u001b[39m\n              \u001b[33mstroke\u001b[39m=\u001b[32m\"currentColor\"\u001b[39m\n              \u001b[33mviewBox\u001b[39m=\u001b[32m\"0 0 24 24\"\u001b[39m\n            \u001b[36m>\u001b[39m\n              \u001b[36m<path\u001b[39m\n                \u001b[33md\u001b[39m=\u001b[32m\"M21 12a9 9 0 01-9 9m9-9a9 9 0 00-9-9m9 9H3m9 9a9 9 0 01-9-9m9 9c1.657 0 3-4.03 3-9s-1.343-9-3-9m0 18c-1.657 0-3-4.03-3-9s1.343-9 3-9m-9 9a9 9 0 019-9\"\u001b[39m\n                \u001b[33mstroke-linecap\u001b[39m=\u001b[32m\"round\"\u001b[39m\n                \u001b[33mstroke-linejoin\u001b[39m=\u001b[32m\"round\"\u001b[39m\n                \u001b[33mstroke-width\u001b[39m=\u001b[32m\"2\"\u001b[39m\n              \u001b[36m/>\u001b[39m\n            \u001b[36m</svg>\u001b[39m\n            \u001b[0mPlay Online with Friends\u001b[0m\n          \u001b[36m</button>\u001b[39m\n        \u001b[36m</div>\u001b[39m\n      \u001b[36m</div>\u001b[39m\n      \u001b[36m<div\u001b[39m\n        \u001b[33mclass\u001b[39m=\u001b[32m\"mt-4 pt-3 border-t border-gray-200\"\u001b[39m\n      \u001b[36m>\u001b[39m\n        \u001b[36m<div\u001b[39m\n          \u001b[33mclass\u001b[39m=\u001b[32m\"text-xs text-gray-600\"\u001b[39m\n        \u001b[36m>\u001b[39m\n          \u001b[0mCurrent: \u001b[0m\n          \u001b[36m<span\u001b[39m\n            \u001b[33mclass\u001b[39m=\u001b[32m\"font-semibold\"\u001b[39m\n          \u001b[36m>\u001b[39m\n            \u001b[0mHuman vs AI (Medium, AI plays Black)\u001b[0m\n          \u001b[36m</span>\u001b[39m\n        \u001b[36m</div>\u001b[39m\n      \u001b[36m</div>\u001b[39m\n    \u001b[36m</div>\u001b[39m\n  \u001b[36m</div>\u001b[39m\n\u001b[36m</body>\u001b[39m\n    at Object.getElementError (/home/caspar/Documents/Coding/Chess/node_modules/@testing-library/react/node_modules/@testing-library/dom/dist/config.js:37:19)\n    at getAllByLabelText (/home/caspar/Documents/Coding/Chess/node_modules/@testing-library/react/node_modules/@testing-library/dom/dist/queries/label-text.js:103:38)\n    at /home/caspar/Documents/Coding/Chess/node_modules/@testing-library/react/node_modules/@testing-library/dom/dist/query-helpers.js:52:17\n    at getByLabelText (/home/caspar/Documents/Coding/Chess/node_modules/@testing-library/react/node_modules/@testing-library/dom/dist/query-helpers.js:95:19)\n    at Object.<anonymous> (/home/caspar/Documents/Coding/Chess/src/components/GameModeSelector/GameModeSelector.test.tsx:190:28)\n    at Promise.then.completed (/home/caspar/Documents/Coding/Chess/node_modules/jest-circus/build/utils.js:391:28)\n    at new Promise (<anonymous>)\n    at callAsyncCircusFn (/home/caspar/Documents/Coding/Chess/node_modules/jest-circus/build/utils.js:316:10)\n    at _callCircusTest (/home/caspar/Documents/Coding/Chess/node_modules/jest-circus/build/run.js:218:40)\n    at processTicksAndRejections (node:internal/process/task_queues:105:5)\n    at _runTest (/home/caspar/Documents/Coding/Chess/node_modules/jest-circus/build/run.js:155:3)\n    at _runTestsForDescribeBlock (/home/caspar/Documents/Coding/Chess/node_modules/jest-circus/build/run.js:66:9)\n    at _runTestsForDescribeBlock (/home/caspar/Documents/Coding/Chess/node_modules/jest-circus/build/run.js:60:9)\n    at run (/home/caspar/Documents/Coding/Chess/node_modules/jest-circus/build/run.js:25:3)\n    at runAndTransformResultsToJestFormat (/home/caspar/Documents/Coding/Chess/node_modules/jest-circus/build/legacy-code-todo-rewrite/jestAdapterInit.js:170:21)\n    at jestAdapter (/home/caspar/Documents/Coding/Chess/node_modules/jest-circus/build/legacy-code-todo-rewrite/jestAdapter.js:82:19)\n    at runTestInternal (/home/caspar/Documents/Coding/Chess/node_modules/jest-runner/build/runTest.js:389:16)\n    at runTest (/home/caspar/Documents/Coding/Chess/node_modules/jest-runner/build/runTest.js:475:34)\n    at Object.worker (/home/caspar/Documents/Coding/Chess/node_modules/jest-runner/build/testWorker.js:133:12)"],"fullName":"GameModeSelector Component should leave room when switching away from online play","location":null,"status":"failed","title":"should leave room when switching away from online play"},{"ancestorTitles":["GameModeSelector Component"],"failureMessages":[],"fullName":"GameModeSelector Component should open online game modal when clicking play online","location":null,"status":"passed","title":"should open online game modal when clicking play online"},{"ancestorTitles":["GameModeSelector Component"],"failureMessages":[],"fullName":"GameModeSelector Component should close online game modal","location":null,"status":"passed","title":"should close online game modal"},{"ancestorTitles":["GameModeSelector Component"],"failureMessages":[],"fullName":"GameModeSelector Component should show correct current mode for AI game","location":null,"status":"passed","title":"should show correct current mode for AI game"},{"ancestorTitles":["GameModeSelector Component"],"failureMessages":["TestingLibraryElementError: Unable to find a label with the text of: Human vs Computer\n\nIgnored nodes: comments, script, style\n\u001b[36m<body>\u001b[39m\n  \u001b[36m<div>\u001b[39m\n    \u001b[36m<div\u001b[39m\n      \u001b[33mclass\u001b[39m=\u001b[32m\"bg-white rounded-lg shadow-md p-4\"\u001b[39m\n    \u001b[36m>\u001b[39m\n      \u001b[36m<h3\u001b[39m\n        \u001b[33mclass\u001b[39m=\u001b[32m\"font-bold text-lg mb-3\"\u001b[39m\n      \u001b[36m>\u001b[39m\n        \u001b[0mGame Mode\u001b[0m\n      \u001b[36m</h3>\u001b[39m\n      \u001b[36m<div\u001b[39m\n        \u001b[33mclass\u001b[39m=\u001b[32m\"space-y-3\"\u001b[39m\n      \u001b[36m>\u001b[39m\n        \u001b[36m<label\u001b[39m\n          \u001b[33mclass\u001b[39m=\u001b[32m\"flex items-center cursor-pointer\"\u001b[39m\n        \u001b[36m>\u001b[39m\n          \u001b[36m<input\u001b[39m\n            \u001b[33mclass\u001b[39m=\u001b[32m\"mr-3\"\u001b[39m\n            \u001b[33mname\u001b[39m=\u001b[32m\"gameMode\"\u001b[39m\n            \u001b[33mtype\u001b[39m=\u001b[32m\"radio\"\u001b[39m\n            \u001b[33mvalue\u001b[39m=\u001b[32m\"human-vs-human\"\u001b[39m\n          \u001b[36m/>\u001b[39m\n          \u001b[36m<div>\u001b[39m\n            \u001b[36m<div\u001b[39m\n              \u001b[33mclass\u001b[39m=\u001b[32m\"font-semibold\"\u001b[39m\n            \u001b[36m>\u001b[39m\n              \u001b[0mHuman vs Human\u001b[0m\n            \u001b[36m</div>\u001b[39m\n            \u001b[36m<div\u001b[39m\n              \u001b[33mclass\u001b[39m=\u001b[32m\"text-sm text-gray-600\"\u001b[39m\n            \u001b[36m>\u001b[39m\n              \u001b[0mPlay against another person\u001b[0m\n            \u001b[36m</div>\u001b[39m\n          \u001b[36m</div>\u001b[39m\n        \u001b[36m</label>\u001b[39m\n        \u001b[36m<label\u001b[39m\n          \u001b[33mclass\u001b[39m=\u001b[32m\"flex items-center cursor-pointer\"\u001b[39m\n        \u001b[36m>\u001b[39m\n          \u001b[36m<input\u001b[39m\n            \u001b[33mchecked\u001b[39m=\u001b[32m\"\"\u001b[39m\n            \u001b[33mclass\u001b[39m=\u001b[32m\"mr-3\"\u001b[39m\n            \u001b[33mname\u001b[39m=\u001b[32m\"gameMode\"\u001b[39m\n            \u001b[33mtype\u001b[39m=\u001b[32m\"radio\"\u001b[39m\n            \u001b[33mvalue\u001b[39m=\u001b[32m\"human-vs-ai\"\u001b[39m\n          \u001b[36m/>\u001b[39m\n          \u001b[36m<div>\u001b[39m\n            \u001b[36m<div\u001b[39m\n              \u001b[33mclass\u001b[39m=\u001b[32m\"font-semibold\"\u001b[39m\n            \u001b[36m>\u001b[39m\n              \u001b[0mHuman vs Computer\u001b[0m\n            \u001b[36m</div>\u001b[39m\n            \u001b[36m<div\u001b[39m\n              \u001b[33mclass\u001b[39m=\u001b[32m\"text-sm text-gray-600\"\u001b[39m\n            \u001b[36m>\u001b[39m\n              \u001b[0mPlay against AI opponent\u001b[0m\n            \u001b[36m</div>\u001b[39m\n          \u001b[36m</div>\u001b[39m\n        \u001b[36m</label>\u001b[39m\n        \u001b[36m<div\u001b[39m\n          \u001b[33mclass\u001b[39m=\u001b[32m\"ml-6 pl-4 border-l-2 border-gray-200 space-y-4\"\u001b[39m\n        \u001b[36m>\u001b[39m\n          \u001b[36m<div>\u001b[39m\n            \u001b[36m<div\u001b[39m\n              \u001b[33mclass\u001b[39m=\u001b[32m\"text-sm font-medium mb-2\"\u001b[39m\n            \u001b[36m>\u001b[39m\n              \u001b[0mComputer plays:\u001b[0m\n            \u001b[36m</div>\u001b[39m\n            \u001b[36m<div\u001b[39m\n              \u001b[33mclass\u001b[39m=\u001b[32m\"flex gap-3\"\u001b[39m\n            \u001b[36m>\u001b[39m\n              \u001b[36m<label\u001b[39m\n                \u001b[33mclass\u001b[39m=\u001b[32m\"flex items-center cursor-pointer\"\u001b[39m\n              \u001b[36m>\u001b[39m\n                \u001b[36m<input\u001b[39m\n                  \u001b[33mclass\u001b[39m=\u001b[32m\"mr-2\"\u001b[39m\n                  \u001b[33mname\u001b[39m=\u001b[32m\"aiColor\"\u001b[39m\n                  \u001b[33mtype\u001b[39m=\u001b[32m\"radio\"\u001b[39m\n                  \u001b[33mvalue\u001b[39m=\u001b[32m\"w\"\u001b[39m\n                \u001b[36m/>\u001b[39m\n                \u001b[36m<div\u001b[39m\n                  \u001b[33mclass\u001b[39m=\u001b[32m\"flex items-center gap-1\"\u001b[39m\n                \u001b[36m>\u001b[39m\n                  \u001b[36m<div\u001b[39m\n                    \u001b[33mclass\u001b[39m=\u001b[32m\"w-3 h-3 bg-gray-100 border border-gray-400 rounded-sm\"\u001b[39m\n                  \u001b[36m/>\u001b[39m\n                  \u001b[36m<span\u001b[39m\n                    \u001b[33mclass\u001b[39m=\u001b[32m\"text-sm\"\u001b[39m\n                  \u001b[36m>\u001b[39m\n                    \u001b[0mWhite\u001b[0m\n                  \u001b[36m</span>\u001b[39m\n                \u001b[36m</div>\u001b[39m\n              \u001b[36m</label>\u001b[39m\n              \u001b[36m<label\u001b[39m\n                \u001b[33mclass\u001b[39m=\u001b[32m\"flex items-center cursor-pointer\"\u001b[39m\n              \u001b[36m>\u001b[39m\n                \u001b[36m<input\u001b[39m\n                  \u001b[33mchecked\u001b[39m=\u001b[32m\"\"\u001b[39m\n                  \u001b[33mclass\u001b[39m=\u001b[32m\"mr-2\"\u001b[39m\n                  \u001b[33mname\u001b[39m=\u001b[32m\"aiColor\"\u001b[39m\n                  \u001b[33mtype\u001b[39m=\u001b[32m\"radio\"\u001b[39m\n                  \u001b[33mvalue\u001b[39m=\u001b[32m\"b\"\u001b[39m\n                \u001b[36m/>\u001b[39m\n                \u001b[36m<div\u001b[39m\n                  \u001b[33mclass\u001b[39m=\u001b[32m\"flex items-center gap-1\"\u001b[39m\n                \u001b[36m>\u001b[39m\n                  \u001b[36m<div\u001b[39m\n                    \u001b[33mclass\u001b[39m=\u001b[32m\"w-3 h-3 bg-gray-800 rounded-sm\"\u001b[39m\n                  \u001b[36m/>\u001b[39m\n                  \u001b[36m<span\u001b[39m\n                    \u001b[33mclass\u001b[39m=\u001b[32m\"text-sm\"\u001b[39m\n                  \u001b[36m>\u001b[39m\n                    \u001b[0mBlack\u001b[0m\n                  \u001b[36m</span>\u001b[39m\n                \u001b[36m</div>\u001b[39m\n              \u001b[36m</label>\u001b[39m\n            \u001b[36m</div>\u001b[39m\n          \u001b[36m</div>\u001b[39m\n          \u001b[36m<div>\u001b[39m\n            \u001b[36m<div\u001b[39m\n              \u001b[33mclass\u001b[39m=\u001b[32m\"text-sm font-medium mb-2\"\u001b[39m\n            \u001b[36m>\u001b[39m\n              \u001b[0mDifficulty Level:\u001b[0m\n            \u001b[36m</div>\u001b[39m\n            \u001b[36m<div\u001b[39m\n              \u001b[33mclass\u001b[39m=\u001b[32m\"space-y-2\"\u001b[39m\n            \u001b[36m>\u001b[39m\n              \u001b[36m<label\u001b[39m\n                \u001b[33mclass\u001b[39m=\u001b[32m\"flex items-start cursor-pointer\"\u001b[39m\n              \u001b[36m>\u001b[39m\n                \u001b[36m<input\u001b[39m\n                  \u001b[33mclass\u001b[39m=\u001b[32m\"mr-3 mt-0.5\"\u001b[39m\n                  \u001b[33mname\u001b[39m=\u001b[32m\"difficulty\"\u001b[39m\n                  \u001b[33mtype\u001b[39m=\u001b[32m\"radio\"\u001b[39m\n                  \u001b[33mvalue\u001b[39m=\u001b[32m\"beginner\"\u001b[39m\n                \u001b[36m/>\u001b[39m\n                \u001b[36m<div>\u001b[39m\n                  \u001b[36m<div\u001b[39m\n                    \u001b[33mclass\u001b[39m=\u001b[32m\"text-sm font-medium\"\u001b[39m\n                  \u001b[36m>\u001b[39m\n                    \u001b[0mBeginner\u001b[0m\n                  \u001b[36m</div>\u001b[39m\n                  \u001b[36m<div\u001b[39m\n                    \u001b[33mclass\u001b[39m=\u001b[32m\"text-xs text-gray-600\"\u001b[39m\n                  \u001b[36m>\u001b[39m\n                    \u001b[0mVery easy, makes many mistakes\u001b[0m\n                  \u001b[36m</div>\u001b[39m\n                \u001b[36m</div>\u001b[39m\n              \u001b[36m</label>\u001b[39m\n              \u001b[36m<label\u001b[39m\n                \u001b[33mclass\u001b[39m=\u001b[32m\"flex items-start cursor-pointer\"\u001b[39m\n              \u001b[36m>\u001b[39m\n                \u001b[36m<input\u001b[39m\n                  \u001b[33mclass\u001b[39m=\u001b[32m\"mr-3 mt-0.5\"\u001b[39m\n                  \u001b[33mname\u001b[39m=\u001b[32m\"difficulty\"\u001b[39m\n                  \u001b[33mtype\u001b[39m=\u001b[32m\"radio\"\u001b[39m\n                  \u001b[33mvalue\u001b[39m=\u001b[32m\"easy\"\u001b[39m\n                \u001b[36m/>\u001b[39m\n                \u001b[36m<div>\u001b[39m\n                  \u001b[36m<div\u001b[39m\n                    \u001b[33mclass\u001b[39m=\u001b[32m\"text-sm font-medium\"\u001b[39m\n                  \u001b[36m>\u001b[39m\n                    \u001b[0mEasy\u001b[0m\n                  \u001b[36m</div>\u001b[39m\n                  \u001b[36m<div\u001b[39m\n                    \u001b[33mclass\u001b[39m=\u001b[32m\"text-xs text-gray-600\"\u001b[39m\n                  \u001b[36m>\u001b[39m\n                    \u001b[0mCasual play, some mistakes\u001b[0m\n                  \u001b[36m</div>\u001b[39m\n                \u001b[36m</div>\u001b[39m\n              \u001b[36m</label>\u001b[39m\n              \u001b[36m<label\u001b[39m\n                \u001b[33mclass\u001b[39m=\u001b[32m\"flex items-start cursor-pointer\"\u001b[39m\n              \u001b[36m>\u001b[39m\n                \u001b[36m<input\u001b[39m\n                  \u001b[33mclass\u001b[39m=\u001b[32m\"mr-3 mt-0.5\"\u001b[39m\n                  \u001b[33mname\u001b[39m=\u001b[32m\"difficulty\"\u001b[39m\n                  \u001b[33mtype\u001b[39m=\u001b[32m\"radio\"\u001b[39m\n                  \u001b[33mvalue\u001b[39m=\u001b[32m\"medium\"\u001b[39m\n                \u001b[36m/>\u001b[39m\n                \u001b[36m<div>\u001b[39m\n                  \u001b[36m<div\u001b[39m\n                    \u001b[33mclass\u001b[39m=\u001b[32m\"text-sm font-medium\"\u001b[39m\n                  \u001b[36m>\u001b[39m\n                    \u001b[0mMedium\u001b[0m\n                  \u001b[36m</div>\u001b[39m\n                  \u001b[36m<div\u001b[39m\n                    \u001b[33mclass\u001b[39m=\u001b[32m\"text-xs text-gray-600\"\u001b[39m\n                  \u001b[36m>\u001b[39m\n                    \u001b[0mBalanced challenge\u001b[0m\n                  \u001b[36m</div>\u001b[39m\n                \u001b[36m</div>\u001b[39m\n              \u001b[36m</label>\u001b[39m\n              \u001b[36m<label\u001b[39m\n                \u001b[33mclass\u001b[39m=\u001b[32m\"flex items-start cursor-pointer\"\u001b[39m\n              \u001b[36m>\u001b[39m\n                \u001b[36m<input\u001b[39m\n                  \u001b[33mchecked\u001b[39m=\u001b[32m\"\"\u001b[39m\n                  \u001b[33mclass\u001b[39m=\u001b[32m\"mr-3 mt-0.5\"\u001b[39m\n                  \u001b[33mname\u001b[39m=\u001b[32m\"difficulty\"\u001b[39m\n                  \u001b[33mtype\u001b[39m=\u001b[32m\"radio\"\u001b[39m\n                  \u001b[33mvalue\u001b[39m=\u001b[32m\"hard\"\u001b[39m\n                \u001b[36m/>\u001b[39m\n                \u001b[36m<div>\u001b[39m\n                  \u001b[36m<div\u001b[39m\n                    \u001b[33mclass\u001b[39m=\u001b[32m\"text-sm font-medium\"\u001b[39m\n                  \u001b[36m>\u001b[39m\n                    \u001b[0mHard\u001b[0m\n                  \u001b[36m</div>\u001b[39m\n                  \u001b[36m<div\u001b[39m\n                    \u001b[33mclass\u001b[39m=\u001b[32m\"text-xs text-gray-600\"\u001b[39m\n                  \u001b[36m>\u001b[39m\n                    \u001b[0mStrong play, few mistakes\u001b[0m\n                  \u001b[36m</div>\u001b[39m\n                \u001b[36m</div>\u001b[39m\n              \u001b[36m</label>\u001b[39m\n              \u001b[36m<label\u001b[39m\n                \u001b[33mclass\u001b[39m=\u001b[32m\"flex items-start cursor-pointer\"\u001b[39m\n              \u001b[36m>\u001b[39m\n                \u001b[36m<input\u001b[39m\n                  \u001b[33mclass\u001b[39m=\u001b[32m\"mr-3 mt-0.5\"\u001b[39m\n                  \u001b[33mname\u001b[39m=\u001b[32m\"difficulty\"\u001b[39m\n                  \u001b[33mtype\u001b[39m=\u001b[32m\"radio\"\u001b[39m\n                  \u001b[33mvalue\u001b[39m=\u001b[32m\"expert\"\u001b[39m\n                \u001b[36m/>\u001b[39m\n                \u001b[36m<div>\u001b[39m\n                  \u001b[36m<div\u001b[39m\n                    \u001b[33mclass\u001b[39m=\u001b[32m\"text-sm font-medium\"\u001b[39m\n                  \u001b[36m>\u001b[39m\n                    \u001b[0mExpert\u001b[0m\n                  \u001b[36m</div>\u001b[39m\n                  \u001b[36m<div\u001b[39m\n                    \u001b[33mclass\u001b[39m=\u001b[32m\"text-xs text-gray-600\"\u001b[39m\n                  \u001b[36m>\u001b[39m\n                    \u001b[0mVery strong, minimal mistakes\u001b[0m\n                  \u001b[36m</div>\u001b[39m\n                \u001b[36m</div>\u001b[39m\n              \u001b[36m</label>\u001b[39m\n            \u001b[36m</div>\u001b[39m\n          \u001b[36m</div>\u001b[39m\n        \u001b[36m</div>\u001b[39m\n        \u001b[36m<div\u001b[39m\n          \u001b[33mclass\u001b[39m=\u001b[32m\"pt-3 mt-3 border-t border-gray-200\"\u001b[39m\n        \u001b[36m>\u001b[39m\n          \u001b[36m<button\u001b[39m\n            \u001b[33mclass\u001b[39m=\u001b[32m\"w-full bg-green-600 text-white py-2 px-4 rounded-lg hover:bg-green-700 transition flex items-center justify-center gap-2\"\u001b[39m\n          \u001b[36m>\u001b[39m\n            \u001b[36m<svg\u001b[39m\n              \u001b[33mclass\u001b[39m=\u001b[32m\"w-5 h-5\"\u001b[39m\n              \u001b[33mfill\u001b[39m=\u001b[32m\"none\"\u001b[39m\n              \u001b[33mstroke\u001b[39m=\u001b[32m\"currentColor\"\u001b[39m\n              \u001b[33mviewBox\u001b[39m=\u001b[32m\"0 0 24 24\"\u001b[39m\n            \u001b[36m>\u001b[39m\n              \u001b[36m<path\u001b[39m\n                \u001b[33md\u001b[39m=\u001b[32m\"M21 12a9 9 0 01-9 9m9-9a9 9 0 00-9-9m9 9H3m9 9a9 9 0 01-9-9m9 9c1.657 0 3-4.03 3-9s-1.343-9-3-9m0 18c-1.657 0-3-4.03-3-9s1.343-9 3-9m-9 9a9 9 0 019-9\"\u001b[39m\n                \u001b[33mstroke-linecap\u001b[39m=\u001b[32m\"round\"\u001b[39m\n                \u001b[33mstroke-linejoin\u001b[39m=\u001b[32m\"round\"\u001b[39m\n                \u001b[33mstroke-width\u001b[39m=\u001b[32m\"2\"\u001b[39m\n              \u001b[36m/>\u001b[39m\n            \u001b[36m</svg>\u001b[39m\n            \u001b[0mPlay Online with Friends\u001b[0m\n          \u001b[36m</button>\u001b[39m\n        \u001b[36m</div>\u001b[39m\n      \u001b[36m</div>\u001b[39m\n      \u001b[36m<div\u001b[39m\n        \u001b[33mclass\u001b[39m=\u001b[32m\"mt-4 pt-3 border-t border-gray-200\"\u001b[39m\n      \u001b[36m>\u001b[39m\n        \u001b[36m<div\u001b[39m\n          \u001b[33mclass\u001b[39m=\u001b[32m\"text-xs text-gray-600\"\u001b[39m\n        \u001b[36m>\u001b[39m\n          \u001b[0mCurrent: \u001b[0m\n          \u001b[36m<span\u001b[39m\n            \u001b[33mclass\u001b[39m=\u001b[32m\"font-semibold\"\u001b[39m\n          \u001b[36m>\u001b[39m\n            \u001b[0mHuman vs AI (Hard, AI plays Black)\u001b[0m\n          \u001b[36m</span>\u001b[39m\n        \u001b[36m</div>\u001b[39m\n      \u001b[36m</div>\u001b[39m\n    \u001b[36m</div>\u001b[39m\n  \u001b[36m</div>\u001b[39m\n\u001b[36m</body>\u001b[39m\n    at Object.getElementError (/home/caspar/Documents/Coding/Chess/node_modules/@testing-library/react/node_modules/@testing-library/dom/dist/config.js:37:19)\n    at getAllByLabelText (/home/caspar/Documents/Coding/Chess/node_modules/@testing-library/react/node_modules/@testing-library/dom/dist/queries/label-text.js:103:38)\n    at /home/caspar/Documents/Coding/Chess/node_modules/@testing-library/react/node_modules/@testing-library/dom/dist/query-helpers.js:52:17\n    at getByLabelText (/home/caspar/Documents/Coding/Chess/node_modules/@testing-library/react/node_modules/@testing-library/dom/dist/query-helpers.js:95:19)\n    at Object.<anonymous> (/home/caspar/Documents/Coding/Chess/src/components/GameModeSelector/GameModeSelector.test.tsx:238:19)\n    at Promise.then.completed (/home/caspar/Documents/Coding/Chess/node_modules/jest-circus/build/utils.js:391:28)\n    at new Promise (<anonymous>)\n    at callAsyncCircusFn (/home/caspar/Documents/Coding/Chess/node_modules/jest-circus/build/utils.js:316:10)\n    at _callCircusTest (/home/caspar/Documents/Coding/Chess/node_modules/jest-circus/build/run.js:218:40)\n    at processTicksAndRejections (node:internal/process/task_queues:105:5)\n    at _runTest (/home/caspar/Documents/Coding/Chess/node_modules/jest-circus/build/run.js:155:3)\n    at _runTestsForDescribeBlock (/home/caspar/Documents/Coding/Chess/node_modules/jest-circus/build/run.js:66:9)\n    at _runTestsForDescribeBlock (/home/caspar/Documents/Coding/Chess/node_modules/jest-circus/build/run.js:60:9)\n    at run (/home/caspar/Documents/Coding/Chess/node_modules/jest-circus/build/run.js:25:3)\n    at runAndTransformResultsToJestFormat (/home/caspar/Documents/Coding/Chess/node_modules/jest-circus/build/legacy-code-todo-rewrite/jestAdapterInit.js:170:21)\n    at jestAdapter (/home/caspar/Documents/Coding/Chess/node_modules/jest-circus/build/legacy-code-todo-rewrite/jestAdapter.js:82:19)\n    at runTestInternal (/home/caspar/Documents/Coding/Chess/node_modules/jest-runner/build/runTest.js:389:16)\n    at runTest (/home/caspar/Documents/Coding/Chess/node_modules/jest-runner/build/runTest.js:475:34)\n    at Object.worker (/home/caspar/Documents/Coding/Chess/node_modules/jest-runner/build/testWorker.js:133:12)"],"fullName":"GameModeSelector Component should maintain checked state for selected options","location":null,"status":"failed","title":"should maintain checked state for selected options"},{"ancestorTitles":["GameModeSelector Component"],"failureMessages":[],"fullName":"GameModeSelector Component should not show AI settings when in human vs human mode","location":null,"status":"passed","title":"should not show AI settings when in human vs human mode"},{"ancestorTitles":["GameModeSelector Component"],"failureMessages":["TestingLibraryElementError: Unable to find a label with the text of: Human vs Human\n\nIgnored nodes: comments, script, style\n\u001b[36m<body>\u001b[39m\n  \u001b[36m<div>\u001b[39m\n    \u001b[36m<div\u001b[39m\n      \u001b[33mclass\u001b[39m=\u001b[32m\"bg-white rounded-lg shadow-md p-4\"\u001b[39m\n    \u001b[36m>\u001b[39m\n      \u001b[36m<h3\u001b[39m\n        \u001b[33mclass\u001b[39m=\u001b[32m\"font-bold text-lg mb-3\"\u001b[39m\n      \u001b[36m>\u001b[39m\n        \u001b[0mGame Mode\u001b[0m\n      \u001b[36m</h3>\u001b[39m\n      \u001b[36m<div\u001b[39m\n        \u001b[33mclass\u001b[39m=\u001b[32m\"space-y-3\"\u001b[39m\n      \u001b[36m>\u001b[39m\n        \u001b[36m<label\u001b[39m\n          \u001b[33mclass\u001b[39m=\u001b[32m\"flex items-center cursor-pointer\"\u001b[39m\n        \u001b[36m>\u001b[39m\n          \u001b[36m<input\u001b[39m\n            \u001b[33mchecked\u001b[39m=\u001b[32m\"\"\u001b[39m\n            \u001b[33mclass\u001b[39m=\u001b[32m\"mr-3\"\u001b[39m\n            \u001b[33mname\u001b[39m=\u001b[32m\"gameMode\"\u001b[39m\n            \u001b[33mtype\u001b[39m=\u001b[32m\"radio\"\u001b[39m\n            \u001b[33mvalue\u001b[39m=\u001b[32m\"human-vs-human\"\u001b[39m\n          \u001b[36m/>\u001b[39m\n          \u001b[36m<div>\u001b[39m\n            \u001b[36m<div\u001b[39m\n              \u001b[33mclass\u001b[39m=\u001b[32m\"font-semibold\"\u001b[39m\n            \u001b[36m>\u001b[39m\n              \u001b[0mHuman vs Human\u001b[0m\n            \u001b[36m</div>\u001b[39m\n            \u001b[36m<div\u001b[39m\n              \u001b[33mclass\u001b[39m=\u001b[32m\"text-sm text-gray-600\"\u001b[39m\n            \u001b[36m>\u001b[39m\n              \u001b[0mPlay against another person\u001b[0m\n            \u001b[36m</div>\u001b[39m\n          \u001b[36m</div>\u001b[39m\n        \u001b[36m</label>\u001b[39m\n        \u001b[36m<label\u001b[39m\n          \u001b[33mclass\u001b[39m=\u001b[32m\"flex items-center cursor-pointer\"\u001b[39m\n        \u001b[36m>\u001b[39m\n          \u001b[36m<input\u001b[39m\n            \u001b[33mclass\u001b[39m=\u001b[32m\"mr-3\"\u001b[39m\n            \u001b[33mname\u001b[39m=\u001b[32m\"gameMode\"\u001b[39m\n            \u001b[33mtype\u001b[39m=\u001b[32m\"radio\"\u001b[39m\n            \u001b[33mvalue\u001b[39m=\u001b[32m\"human-vs-ai\"\u001b[39m\n          \u001b[36m/>\u001b[39m\n   
[...]
d\"\u001b[39m\n              \u001b[36m>\u001b[39m\n                \u001b[0mOnline Game\u001b[0m\n              \u001b[36m</h2>\u001b[39m\n              \u001b[36m<button\u001b[39m\n                \u001b[33mclass\u001b[39m=\u001b[32m\"text-gray-500 hover:text-gray-700\"\u001b[39m\n              \u001b[36m>\u001b[39m\n                \u001b[0m✕\u001b[0m\n              \u001b[36m</button>\u001b[39m\n            \u001b[36m</div>\u001b[39m\n            \u001b[36m<div\u001b[39m\n              \u001b[33mclass\u001b[39m=\u001b[32m\"flex mb-6\"\u001b[39m\n            \u001b[36m>\u001b[39m\n              \u001b[36m<button\u001b[39m\n                \u001b[33mclass\u001b[39m=\u001b[32m\"flex-1 py-2 px-4 rounded-l-lg bg-blue-600 text-white\"\u001b[39m\n              \u001b[36m>\u001b[39m\n                \u001b[0mCreate Game\u001b[0m\n              \u001b[36m</button>\u001b[39m\n              \u001b[36m<button\u001b[39m\n                \u001b[33mclass\u001b[39m=\u001b[32m\"flex-1 py-2 px-4 rounded-r-lg bg-gray-200 text-gray-700 hover:bg-gray-300\"\u001b[39m\n              \u001b[36m>\u001b[39m\n                \u001b[0mJoin Game\u001b[0m\n              \u001b[36m</button>\u001b[39m\n            \u001b[36m</div>\u001b[39m\n            \u001b[36m<div>\u001b[39m\n              \u001b[36m<h3\u001b[39m\n                \u001b[33mclass\u001b[39m=\u001b[32m\"font-semibold mb-3\"\u001b[39m\n              \u001b[36m>\u001b[39m\n                \u001b[0mTime Control\u001b[0m\n              \u001b[36m</h3>\u001b[39m\n              \u001b[36m<div\u001b[39m\n                \u001b[33mclass\u001b[39m=\u001b[32m\"space-y-3 mb-6\"\u001b[39m\n              \u001b[36m>\u001b[39m\n                \u001b[36m<div>\u001b[39m\n                  \u001b[36m<label\u001b[39m\n                    \u001b[33mclass\u001b[39m=\u001b[32m\"block text-sm font-medium mb-1\"\u001b[39m\n                  \u001b[36m>\u001b[39m\n                    \u001b[0mMinutes per side\u001b[0m\n                  \u001b[36m</label>\u001b[39m\n                  \u001b[36m<input\u001b[39m\n                    \u001b[33mclass\u001b[39m=\u001b[32m\"w-full px-3 py-2 border border-gray-300 rounded-lg focus:outline-none focus:ring-2 focus:ring-blue-500\"\u001b[39m\n                    \u001b[33mmax\u001b[39m=\u001b[32m\"60\"\u001b[39m\n                    \u001b[33mmin\u001b[39m=\u001b[32m\"1\"\u001b[39m\n                    \u001b[33mtype\u001b[39m=\u001b[32m\"number\"\u001b[39m\n                    \u001b[33mvalue\u001b[39m=\u001b[32m\"10\"\u001b[39m\n                  \u001b[36m/>\u001b[39m\n                \u001b[36m</div>\u001b[39m\n                \u001b[36m<div>\u001b[39m\n                  \u001b[36m<label\u001b[39m\n                    \u001b[33mclass\u001b[39m=\u001b[32m\"block text-sm font-medium mb-1\"\u001b[39m\n                  \u001b[36m>\u001b[39m\n                    \u001b[0mIncrement (seconds)\u001b[0m\n                  \u001b[36m</label>\u001b[39m\n                  \u001b[36m<input\u001b[39m\n                    \u001b[33mclass\u001b[39m=\u001b[32m\"w-full px-3 py-2 border border-gray-300 rounded-lg focus:outline-none focus:ring-2 focus:ring-blue-500\"\u001b[39m\n                    \u001b[33mmax\u001b[39m=\u001b[32m\"30\"\u001b[39m\n                    \u001b[33mmin\u001b[39m=\u001b[32m\"0\"\u001b[39m\n                    \u001b[33mtype\u001b[39m=\u001b[32m\"number\"\u001b[39m\n                    \u001b[33mvalue\u001b[39m=\u001b[32m\"5\"\u001b[39m\n                  \u001b[36m/>\u001b[39m\n                \u001b[36m</div>\u001b[39m\n              \u001b[36m</div>\u001b[39m\n              \u001b[36m<button\u001b[39m\n                \u001b[33mclass\u001b[39m=\u001b[32m\"w-full bg-blue-600 text-white py-3 px-4 rounded-lg hover:bg-blue-700 transition disabled:bg-gray-400\"\u001b[39m\n              \u001b[36m>\u001b[39m\n                \u001b[0mCreate Room\u001b[0m\n              \u001b[36m</button>\u001b[39m\n            \u001b[36m</div>\u001b[39m\n          \u001b[36m</div>\u001b[39m\n        \u001b[36m</div>\u001b[39m\n      \u001b[36m</div>\u001b[39m\n    \u001b[36m</body>\u001b[39m\n\n      115 |     \n      116 |     // Set time control\n    > 117 |     const minutesInput = screen.getByLabelText('Minutes per side');\n          |                                 ^\n      118 |     const incrementInput = screen.getByLabelText('Increment (seconds)');\n      119 |     \n      120 |     await userEvent.clear(minutesInput);\n\n      at Object.getElementError (node_modules/@testing-library/react/node_modules/@testing-library/dom/dist/config.js:37:19)\n      at getAllByLabelText (node_modules/@testing-library/react/node_modules/@testing-library/dom/dist/queries/label-text.js:100:40)\n      at node_modules/@testing-library/react/node_modules/@testing-library/dom/dist/query-helpers.js:52:17\n      at getByLabelText (node_modules/@testing-library/react/node_modules/@testing-library/dom/dist/query-helpers.js:95:19)\n      at Object.<anonymous> (src/components/OnlineGameModal/OnlineGameModal.test.tsx:117:33)\n\n  ● OnlineGameModal Component › should show error when trying to create room while disconnected\n\n    TestingLibraryElementError: Unable to find an element with the text: Not connected to server. Please try again.. This could be because the text is broken up by multiple elements. In this case, you can provide a function for your text matcher to make your matcher more flexible.\n\n    Ignored nodes: comments, script, style\n    \u001b[36m<body>\u001b[39m\n      \u001b[36m<div>\u001b[39m\n        \u001b[36m<div\u001b[39m\n          \u001b[33mclass\u001b[39m=\u001b[32m\"fixed inset-0 bg-black bg-opacity-50 flex items-center justify-center z-50\"\u001b[39m\n        \u001b[36m>\u001b[39m\n          \u001b[36m<div\u001b[39m\n            \u001b[33mclass\u001b[39m=\u001b[32m\"bg-white rounded-lg p-6 max-w-md w-full mx-4\"\u001b[39m\n          \u001b[36m>\u001b[39m\n            \u001b[36m<div\u001b[39m\n              \u001b[33mclass\u001b[39m=\u001b[32m\"flex justify-between items-center mb-6\"\u001b[39m\n            \u001b[36m>\u001b[39m\n              \u001b[36m<h2\u001b[39m\n                \u001b[33mclass\u001b[39m=\u001b[32m\"text-2xl font-bold\"\u001b[39m\n              \u001b[36m>\u001b[39m\n                \u001b[0mOnline Game\u001b[0m\n              \u001b[36m</h2>\u001b[39m\n              \u001b[36m<button\u001b[39m\n                \u001b[33mclass\u001b[39m=\u001b[32m\"text-gray-500 hover:text-gray-700\"\u001b[39m\n              \u001b[36m>\u001b[39m\n                \u001b[0m✕\u001b[0m\n              \u001b[36m</button>\u001b[39m\n            \u001b[36m</div>\u001b[39m\n            \u001b[36m<div\u001b[39m\n              \u001b[33mclass\u001b[39m=\u001b[32m\"flex mb-6\"\u001b[39m\n            \u001b[36m>\u001b[39m\n              \u001b[36m<button\u001b[39m\n                \u001b[33mclass\u001b[39m=\u001b[32m\"flex-1 py-2 px-4 rounded-l-lg bg-blue-600 text-white\"\u001b[39m\n              \u001b[36m>\u001b[39m\n                \u001b[0mCreate Game\u001b[0m\n              \u001b[36m</button>\u001b[39m\n              \u001b[36m<button\u001b[39m\n                \u001b[33mclass\u001b[39m=\u001b[32m\"flex-1 py-2 px-4 rounded-r-lg bg-gray-200 text-gray-700 hover:bg-gray-300\"\u001b[39m\n              \u001b[36m>\u001b[39m\n                \u001b[0mJoin Game\u001b[0m\n              \u001b[36m</button>\u001b[39m\n            \u001b[36m</div>\u001b[39m\n            \u001b[36m<div\u001b[39m\n              \u001b[33mclass\u001b[39m=\u001b[32m\"mb-4 p-3 bg-yellow-100 text-yellow-700 rounded-lg\"\u001b[39m\n            \u001b[36m>\u001b[39m\n              \u001b[36m<div\u001b[39m\n                \u001b[33mclass\u001b[39m=\u001b[32m\"flex items-center gap-2\"\u001b[39m\n              \u001b[36m>\u001b[39m\n                \u001b[36m<svg\u001b[39m\n                  \u001b[33mclass\u001b[39m=\u001b[32m\"animate-spin h-5 w-5\"\u001b[39m\n                  \u001b[33mfill\u001b[39m=\u001b[32m\"none\"\u001b[39m\n                  \u001b[33mviewBox\u001b[39m=\u001b[32m\"0 0 24 24\"\u001b[39m\n                  \u001b[33mxmlns\u001b[39m=\u001b[32m\"http://www.w3.org/2000/svg\"\u001b[39m\n                \u001b[36m>\u001b[39m\n                  \u001b[36m<circle\u001b[39m\n                    \u001b[33mclass\u001b[39m=\u001b[32m\"opacity-25\"\u001b[39m\n                    \u001b[33mcx\u001b[39m=\u001b[32m\"12\"\u001b[39m\n                    \u001b[33mcy\u001b[39m=\u001b[32m\"12\"\u001b[39m\n                    \u001b[33mr\u001b[39m=\u001b[32m\"10\"\u001b[39m\n                    \u001b[33mstroke\u001b[39m=\u001b[32m\"currentColor\"\u001b[39m\n                    \u001b[33mstroke-width\u001b[39m=\u001b[32m\"4\"\u001b[39m\n                  \u001b[36m/>\u001b[39m\n                  \u001b[36m<path\u001b[39m\n                    \u001b[33mclass\u001b[39m=\u001b[32m\"opacity-75\"\u001b[39m\n                    \u001b[33md\u001b[39m=\u001b[32m\"M4 12a8 8 0 018-8V0C5.373 0 0 5.373 0 12h4zm2 5.291A7.962 7.962 0 014 12H0c0 3.042 1.135 5.824 3 7.938l3-2.647z\"\u001b[39m\n                    \u001b[33mfill\u001b[39m=\u001b[32m\"currentColor\"\u001b[39m\n                  \u001b[36m/>\u001b[39m\n                \u001b[36m</svg>\u001b[39m\n                \u001b[36m<span>\u001b[39m\n                  \u001b[0mConnecting to server...\u001b[0m\n                \u001b[36m</span>\u001b[39m\n              \u001b[36m</div>\u001b[39m\n              \u001b[36m<div\u001b[39m\n                \u001b[33mclass\u001b[39m=\u001b[32m\"text-xs mt-1\"\u001b[39m\n              \u001b[36m>\u001b[39m\n                \u001b[0mBackend: \u001b[0m\n                \u001b[0mhttps://chess-production-c94f.up.railway.app\u001b[0m\n              \u001b[36m</div>\u001b[39m\n            \u001b[36m</div>\u001b[39m\n            \u001b[36m<div>\u001b[39m\n              \u001b[36m<h3\u001b[39m\n                \u001b[33mclass\u001b[39m=\u001b[32m\"font-semibold mb-3\"\u001b[39m\n              \u001b[36m>\u001b[39m\n                \u001b[0mTime Control\u001b[0m\n              \u001b[36m</h3>\u001b[39m\n              \u001b[36m<div\u001b[39m\n                \u001b[33mclass\u001b[39m=\u001b[32m\"space-y-3 mb-6\"\u001b[39m\n              \u001b[36m>\u001b[39m\n                \u001b[36m<div>\u001b[39m\n                  \u001b[36m<label\u001b[39m\n                    \u001b[33mclass\u001b[39m=\u001b[32m\"block text-sm font-medium mb-1\"\u001b[39m\n                  \u001b[36m>\u001b[39m\n                    \u001b[0mMinutes per side\u001b[0m\n                  \u001b[36m</label>\u001b[39m\n                  \u001b[36m<input\u001b[39m\n                    \u001b[33mclass\u001b[39m=\u001b[32m\"w-full px-3 py-2 border border-gray-300 rounded-lg focus:outline-none focus:ring-2 focus:ring-blue-500\"\u001b[39m\n                    \u001b[33mmax\u001b[39m=\u001b[32m\"60\"\u001b[39m\n                    \u001b[33mmin\u001b[39m=\u001b[32m\"1\"\u001b[39m\n                    \u001b[33mtype\u001b[39m=\u001b[32m\"number\"\u001b[39m\n                    \u001b[33mvalue\u001b[39m=\u001b[32m\"10\"\u001b[39m\n                  \u001b[36m/>\u001b[39m\n                \u001b[36m</div>\u001b[39m\n                \u001b[36m<div>\u001b[39m\n                  \u001b[36m<label\u001b[39m\n                    \u001b[33mclass\u001b[39m=\u001b[32m\"block text-sm font-medium mb-1\"\u001b[39m\n                  \u001b[36m>\u001b[39m\n                    \u001b[0mIncrement (seconds)\u001b[0m\n                  \u001b[36m</label>\u001b[39m\n                  \u001b[36m<input\u001b[39m\n                    \u001b[33mclass\u001b[39m=\u001b[32m\"w-full px-3 py-2 border border-gray-300 rounded-lg focus:outline-none focus:ring-2 focus:ring-blue-500\"\u001b[39m\n                    \u001b[33mmax\u001b[39m=\u001b[32m\"30\"\u001b[39m\n                    \u001b[33mmin\u001b[39m=\u001b[32m\"0\"\u001b[39m\n                    \u001b[33mtype\u001b[39m=\u001b[32m\"number\"\u001b[39m\n                    \u001b[33mvalue\u001b[39m=\u001b[32m\"5\"\u001b[39m\n                  \u001b[36m/>\u001b[39m\n                \u001b[36m</div>\u001b[39m\n              \u001b[36m</div>\u001b[39m\n              \u001b[36m<button\u001b[39m\n                \u001b[33mclass\u001b[39m=\u001b[32m\"w-full bg-blue-600 text-white py-3 px-4 rounded-lg hover:bg-blue-700 transition disabled:bg-gray-400\"\u001b[39m\n                \u001b[33mdisabled\u001b[39m=\u001b[32m\"\"\u001b[39m\n              \u001b[36m>\u001b[39m\n                \u001b[0mCreate Room\u001b[0m\n              \u001b[36m</button>\u001b[39m\n            \u001b[36m</div>\u001b[39m\n          \u001b[36m</div>\u001b[39m\n        \u001b[36m</div>\u001b[39m\n      \u001b[36m</div>\u001b[39m\n    \u001b[36m</body>\u001b[39m\n\n      152 |     fireEvent.click(screen.getByText('Create Room'));\n      153 |     \n    > 154 |     expect(screen.getByText('Not connected to server. Please try again.')).toBeInTheDocument();\n          |                   ^\n      155 |     expect(mockSocketContext.createRoom).not.toHaveBeenCalled();\n      156 |   });\n      157 |\n\n      at Object.getElementError (node_modules/@testing-library/react/node_modules/@testing-library/dom/dist/config.js:37:19)\n      at node_modules/@testing-library/react/node_modules/@testing-library/dom/dist/query-helpers.js:76:38\n      at node_modules/@testing-library/react/node_modules/@testing-library/dom/dist/query-helpers.js:52:17\n      at getByText (node_modules/@testing-library/react/node_modules/@testing-library/dom/dist/query-helpers.js:95:19)\n      at Object.<anonymous> (src/components/OnlineGameModal/OnlineGameModal.test.tsx:154:19)\n\n  ● OnlineGameModal Component › should validate time control inputs\n\n    TestingLibraryElementError: Found a label with the text of: Minutes per side, however no form control was found associated to that label. Make sure you're using the \"for\" attribute or \"aria-labelledby\" attribute correctly.\n\n    Ignored nodes: comments, script, style\n    \u001b[36m<body>\u001b[39m\n      \u001b[36m<div>\u001b[39m\n        \u001b[36m<div\u001b[39m\n          \u001b[33mclass\u001b[39m=\u001b[32m\"fixed inset-0 bg-black bg-opacity-50 flex items-center justify-center z-50\"\u001b[39m\n        \u001b[36m>\u001b[39m\n          \u001b[36m<div\u001b[39m\n            \u001b[33mclass\u001b[39m=\u001b[32m\"bg-white rounded-lg p-6 max-w-md w-full mx-4\"\u001b[39m\n          \u001b[36m>\u001b[39m\n            \u001b[36m<div\u001b[39m\n              \u001b[33mclass\u001b[39m=\u001b[32m\"flex justify-between items-center mb-6\"\u001b[39m\n            \u001b[36m>\u001b[39m\n              \u001b[36m<h2\u001b[39m\n                \u001b[33mclass\u001b[39m=\u001b[32m\"text-2xl font-bold\"\u001b[39m\n              \u001b[36m>\u001b[39m\n                \u001b[0mOnline Game\u001b[0m\n              \u001b[36m</h2>\u001b[39m\n              \u001b[36m<button\u001b[39m\n                \u001b[33mclass\u001b[39m=\u001b[32m\"text-gray-500 hover:text-gray-700\"\u001b[39m\n              \u001b[36m>\u001b[39m\n                \u001b[0m✕\u001b[0m\n              \u001b[36m</button>\u001b[39m\n            \u001b[36m</div>\u001b[39m\n            \u001b[36m<div\u001b[39m\n              \u001b[33mclass\u001b[39m=\u001b[32m\"flex mb-6\"\u001b[39m\n            \u001b[36m>\u001b[39m\n              \u001b[36m<button\u001b[39m\n                \u001b[33mclass\u001b[39m=\u001b[32m\"flex-1 py-2 px-4 rounded-l-lg bg-blue-600 text-white\"\u001b[39m\n              \u001b[36m>\u001b[39m\n                \u001b[0mCreate Game\u001b[0m\n              \u001b[36m</button>\u001b[39m\n              \u001b[36m<button\u001b[39m\n                \u001b[33mclass\u001b[39m=\u001b[32m\"flex-1 py-2 px-4 rounded-r-lg bg-gray-200 text-gray-700 hover:bg-gray-300\"\u001b[39m\n              \u001b[36m>\u001b[39m\n                \u001b[0mJoin Game\u001b[0m\n              \u001b[36m</button>\u001b[39m\n            \u001b[36m</div>\u001b[39m\n            \u001b[36m<div>\u001b[39m\n              \u001b[36m<h3\u001b[39m\n                \u001b[33mclass\u001b[39m=\u001b[32m\"font-semibold mb-3\"\u001b[39m\n              \u001b[36m>\u001b[39m\n                \u001b[0mTime Control\u001b[0m\n              \u001b[36m</h3>\u001b[39m\n              \u001b[36m<div\u001b[39m\n                \u001b[33mclass\u001b[39m=\u001b[32m\"space-y-3 mb-6\"\u001b[39m\n              \u001b[36m>\u001b[39m\n                \u001b[36m<div>\u001b[39m\n                  \u001b[36m<label\u001b[39m\n                    \u001b[33mclass\u001b[39m=\u001b[32m\"block text-sm font-medium mb-1\"\u001b[39m\n                  \u001b[36m>\u001b[39m\n                    \u001b[0mMinutes per side\u001b[0m\n                  \u001b[36m</label>\u001b[39m\n                  \u001b[36m<input\u001b[39m\n                    \u001b[33mclass\u001b[39m=\u001b[32m\"w-full px-3 py-2 border border-gray-300 rounded-lg focus:outline-none focus:ring-2 focus:ring-blue-500\"\u001b[39m\n                    \u001b[33mmax\u001b[39m=\u001b[32m\"60\"\u001b[39m\n                    \u001b[33mmin\u001b[39m=\u001b[32m\"1\"\u001b[39m\n                    \u001b[33mtype\u001b[39m=\u001b[32m\"number\"\u001b[39m\n                    \u001b[33mvalue\u001b[39m=\u001b[32m\"10\"\u001b[39m\n                  \u001b[36m/>\u001b[39m\n                \u001b[36m</div>\u001b[39m\n                \u001b[36m<div>\u001b[39m\n                  \u001b[36m<label\u001b[39m\n                    \u001b[33mclass\u001b[39m=\u001b[32m\"block text-sm font-medium mb-1\"\u001b[39m\n                  \u001b[36m>\u001b[39m\n                    \u001b[0mIncrement (seconds)\u001b[0m\n                  \u001b[36m</label>\u001b[39m\n                  \u001b[36m<input\u001b[39m\n                    \u001b[33mclass\u001b[39m=\u001b[32m\"w-full px-3 py-2 border border-gray-300 rounded-lg focus:outline-none focus:ring-2 focus:ring-blue-500\"\u001b[39m\n                    \u001b[33mmax\u001b[39m=\u001b[32m\"30\"\u001b[39m\n                    \u001b[33mmin\u001b[39m=\u001b[32m\"0\"\u001b[39m\n                    \u001b[33mtype\u001b[39m=\u001b[32m\"number\"\u001b[39m\n                    \u001b[33mvalue\u001b[39m=\u001b[32m\"5\"\u001b[39m\n                  \u001b[36m/>\u001b[39m\n                \u001b[36m</div>\u001b[39m\n              \u001b[36m</div>\u001b[39m\n              \u001b[36m<button\u001b[39m\n                \u001b[33mclass\u001b[39m=\u001b[32m\"w-full bg-blue-600 text-white py-3 px-4 rounded-lg hover:bg-blue-700 transition disabled:bg-gray-400\"\u001b[39m\n              \u001b[36m>\u001b[39m\n                \u001b[0mCreate Room\u001b[0m\n              \u001b[36m</button>\u001b[39m\n            \u001b[36m</div>\u001b[39m\n          \u001b[36m</div>\u001b[39m\n        \u001b[36m</div>\u001b[39m\n      \u001b[36m</div>\u001b[39m\n    \u001b[36m</body>\u001b[39m\n\n      262 |     renderModal();\n      263 |     \n    > 264 |     const minutesInput = screen.getByLabelText('Minutes per side') as HTMLInputElement;\n          |                                 ^\n      265 |     const incrementInput = screen.getByLabelText('Increment (seconds)') as HTMLInputElement;\n      266 |     \n      267 |     // Test min/max constraints\n\n      at Object.getElementError (node_modules/@testing-library/react/node_modules/@testing-library/dom/dist/config.js:37:19)\n      at getAllByLabelText (node_modules/@testing-library/react/node_modules/@testing-library/dom/dist/queries/label-text.js:100:40)\n      at node_modules/@testing-library/react/node_modules/@testing-library/dom/dist/query-helpers.js:52:17\n      at getByLabelText (node_modules/@testing-library/react/node_modules/@testing-library/dom/dist/query-helpers.js:95:19)\n      at Object.<anonymous> (src/components/OnlineGameModal/OnlineGameModal.test.tsx:264:33)\n","name":"/home/caspar/Documents/Coding/Chess/src/components/OnlineGameModal/OnlineGameModal.test.tsx","startTime":1752050734426,"status":"failed","summary":""}],"wasInterrupted":false}